<?xml version="1.0" encoding="UTF-8"?>
<coverage generated="1787030028737" clover="3.2.0">
  <project timestamp="1787030028738" name="All files">
    <metrics statements="290" coveredstatements="210" conditionals="233" coveredconditionals="157" methods="86" coveredmethods="55" elements="609" coveredelements="422" complexity="0" loc="290" ncloc="290" packages="2" files="10" classes="10"/>
    <package name="components">
      <metrics statements="202" coveredstatements="127" conditionals="156" coveredconditionals="110" methods="57" coveredmethods="40"/>
      <file name="AuthLayout.jsx" path="D:\10Pearls\10PearlsRepo\cohort-9-mern-7723-hassan\frontend\src\components\AuthLayout.jsx">
        <metrics statements="4" coveredstatements="4" conditionals="6" coveredconditionals="6" methods="3" coveredmethods="3"/>
        <line num="3" count="1" type="stmt"/>
        <line num="4" count="5" type="stmt"/>
        <line num="22" count="35" type="stmt"/>
        <line num="41" count="5" type="stmt"/>
      </file>
      <file name="AvailableNotes.jsx" path="D:\10Pearls\10PearlsRepo\cohort-9-mern-7723-hassan\frontend\src\components\AvailableNotes.jsx">
        <metrics statements="19" coveredstatements="19" conditionals="19" coveredconditionals="17" methods="9" coveredmethods="9"/>
        <line num="4" count="2" type="stmt"/>
        <line num="10" count="40" type="stmt"/>
        <line num="12" count="40" type="stmt"/>
        <line num="13" count="40" type="stmt"/>
        <line num="15" count="40" type="cond" truecount="2" falsecount="0"/>
        <line num="17" count="27" type="stmt"/>
        <line num="18" count="54" type="stmt"/>
        <line num="22" count="40" type="stmt"/>
        <line num="24" count="40" type="stmt"/>
        <line num="32" count="27" type="stmt"/>
        <line num="42" count="1" type="stmt"/>
        <line num="57" count="45" type="stmt"/>
        <line num="61" count="1" type="stmt"/>
        <line num="63" count="3" type="cond" truecount="2" falsecount="0"/>
        <line num="65" count="2" type="cond" truecount="1" falsecount="1"/>
        <line num="70" count="2" type="stmt"/>
        <line num="71" count="2" type="stmt"/>
        <line num="85" count="3" type="stmt"/>
        <line num="86" count="3" type="stmt"/>
      </file>
      <file name="Heading.jsx" path="D:\10Pearls\10PearlsRepo\cohort-9-mern-7723-hassan\frontend\src\components\Heading.jsx">
        <metrics statements="2" coveredstatements="2" conditionals="4" coveredconditionals="4" methods="1" coveredmethods="1"/>
        <line num="1" count="2" type="stmt"/>
        <line num="2" count="8" type="stmt"/>
      </file>
      <file name="Notepad.jsx" path="D:\10Pearls\10PearlsRepo\cohort-9-mern-7723-hassan\frontend\src\components\Notepad.jsx">
        <metrics statements="69" coveredstatements="43" conditionals="51" coveredconditionals="33" methods="16" coveredmethods="10"/>
        <line num="6" count="1" type="stmt"/>
        <line num="7" count="12" type="stmt"/>
        <line num="8" count="12" type="stmt"/>
        <line num="9" count="12" type="stmt"/>
        <line num="16" count="12" type="stmt"/>
        <line num="17" count="7" type="cond" truecount="2" falsecount="0"/>
        <line num="19" count="7" type="cond" truecount="2" falsecount="0"/>
        <line num="23" count="6" type="stmt"/>
        <line num="27" count="12" type="stmt"/>
        <line num="28" count="7" type="stmt"/>
        <line num="31" count="12" type="stmt"/>
        <line num="32" count="11" type="cond" truecount="3" falsecount="1"/>
        <line num="33" count="0" type="cond" truecount="0" falsecount="4"/>
        <line num="35" count="0" type="stmt"/>
        <line num="36" count="0" type="stmt"/>
        <line num="37" count="0" type="stmt"/>
        <line num="40" count="0" type="stmt"/>
        <line num="41" count="0" type="stmt"/>
        <line num="42" count="0" type="stmt"/>
        <line num="45" count="0" type="stmt"/>
        <line num="46" count="0" type="stmt"/>
        <line num="47" count="0" type="stmt"/>
        <line num="50" count="0" type="stmt"/>
        <line num="54" count="12" type="stmt"/>
        <line num="55" count="0" type="stmt"/>
        <line num="61" count="12" type="cond" truecount="0" falsecount="1"/>
        <line num="62" count="0" type="cond" truecount="0" falsecount="4"/>
        <line num="64" count="0" type="stmt"/>
        <line num="66" count="0" type="stmt"/>
        <line num="67" count="0" type="stmt"/>
        <line num="69" count="0" type="stmt"/>
        <line num="71" count="0" type="stmt"/>
        <line num="74" count="12" type="stmt"/>
        <line num="76" count="12" type="stmt"/>
        <line num="77" count="7" type="stmt"/>
        <line num="80" count="12" type="stmt"/>
        <line num="82" count="12" type="stmt"/>
        <line num="83" count="7" type="stmt"/>
        <line num="86" count="12" type="stmt"/>
        <line num="87" count="10" type="cond" truecount="2" falsecount="0"/>
        <line num="89" count="3" type="cond" truecount="2" falsecount="0"/>
        <line num="90" count="1" type="stmt"/>
        <line num="91" count="1" type="stmt"/>
        <line num="94" count="2" type="stmt"/>
        <line num="96" count="2" type="cond" truecount="1" falsecount="1"/>
        <line num="98" count="2" type="stmt"/>
        <line num="100" count="12" type="stmt"/>
        <line num="106" count="4" type="stmt"/>
        <line num="107" count="4" type="stmt"/>
        <line num="122" count="3" type="stmt"/>
        <line num="124" count="3" type="stmt"/>
        <line num="125" count="3" type="stmt"/>
        <line num="131" count="1" type="cond" truecount="1" falsecount="1"/>
        <line num="136" count="1" type="stmt"/>
        <line num="140" count="1" type="cond" truecount="1" falsecount="1"/>
        <line num="141" count="1" type="stmt"/>
        <line num="144" count="0" type="stmt"/>
        <line num="146" count="0" type="cond" truecount="0" falsecount="2"/>
        <line num="148" count="0" type="stmt"/>
        <line num="151" count="0" type="stmt"/>
        <line num="152" count="0" type="cond" truecount="0" falsecount="2"/>
        <line num="156" count="12" type="stmt"/>
        <line num="157" count="11" type="cond" truecount="1" falsecount="1"/>
        <line num="159" count="11" type="stmt"/>
        <line num="162" count="12" type="stmt"/>
        <line num="168" count="0" type="stmt"/>
        <line num="177" count="0" type="stmt"/>
        <line num="186" count="0" type="stmt"/>
        <line num="198" count="1" type="stmt"/>
      </file>
      <file name="PasswordInput.jsx" path="D:\10Pearls\10PearlsRepo\cohort-9-mern-7723-hassan\frontend\src\components\PasswordInput.jsx">
        <metrics statements="7" coveredstatements="7" conditionals="17" coveredconditionals="17" methods="5" coveredmethods="5"/>
        <line num="3" count="1" type="stmt"/>
        <line num="4" count="8" type="stmt"/>
        <line num="10" count="1" type="stmt"/>
        <line num="11" count="2" type="stmt"/>
        <line num="18" count="10" type="stmt"/>
        <line num="20" count="10" type="stmt"/>
        <line num="44" count="3" type="stmt"/>
      </file>
      <file name="Setting.jsx" path="D:\10Pearls\10PearlsRepo\cohort-9-mern-7723-hassan\frontend\src\components\Setting.jsx">
        <metrics statements="14" coveredstatements="7" conditionals="4" coveredconditionals="0" methods="5" coveredmethods="2"/>
        <line num="3" count="2" type="stmt"/>
        <line num="4" count="1" type="stmt"/>
        <line num="6" count="1" type="stmt"/>
        <line num="8" count="1" type="stmt"/>
        <line num="9" count="0" type="stmt"/>
        <line num="10" count="0" type="stmt"/>
        <line num="13" count="1" type="stmt"/>
        <line num="14" count="0" type="cond" truecount="0" falsecount="2"/>
        <line num="15" count="0" type="stmt"/>
        <line num="17" count="0" type="cond" truecount="0" falsecount="2"/>
        <line num="18" count="0" type="stmt"/>
        <line num="22" count="1" type="stmt"/>
        <line num="25" count="2" type="stmt"/>
        <line num="28" count="0" type="stmt"/>
      </file>
      <file name="Sidebar.jsx" path="D:\10Pearls\10PearlsRepo\cohort-9-mern-7723-hassan\frontend\src\components\Sidebar.jsx">
        <metrics statements="87" coveredstatements="45" conditionals="55" coveredconditionals="33" methods="18" coveredmethods="10"/>
        <line num="8" count="2" type="stmt"/>
        <line num="19" count="19" type="stmt"/>
        <line num="20" count="19" type="stmt"/>
        <line num="22" count="19" type="stmt"/>
        <line num="23" count="19" type="stmt"/>
        <line num="24" count="19" type="stmt"/>
        <line num="25" count="19" type="stmt"/>
        <line num="27" count="19" type="stmt"/>
        <line num="28" count="1" type="stmt"/>
        <line num="31" count="19" type="stmt"/>
        <line num="32" count="1" type="stmt"/>
        <line num="35" count="19" type="stmt"/>
        <line num="36" count="1" type="stmt"/>
        <line num="37" count="1" type="stmt"/>
        <line num="38" count="1" type="stmt"/>
        <line num="41" count="19" type="stmt"/>
        <line num="42" count="0" type="stmt"/>
        <line num="43" count="0" type="stmt"/>
        <line num="44" count="0" type="stmt"/>
        <line num="47" count="19" type="stmt"/>
        <line num="48" count="0" type="stmt"/>
        <line num="49" count="0" type="stmt"/>
        <line num="55" count="0" type="cond" truecount="0" falsecount="2"/>
        <line num="56" count="0" type="stmt"/>
        <line num="57" count="0" type="stmt"/>
        <line num="58" count="0" type="stmt"/>
        <line num="61" count="0" type="stmt"/>
        <line num="62" count="0" type="stmt"/>
        <line num="66" count="19" type="stmt"/>
        <line num="67" count="0" type="cond" truecount="0" falsecount="2"/>
        <line num="68" count="0" type="stmt"/>
        <line num="69" count="0" type="stmt"/>
        <line num="72" count="0" type="stmt"/>
        <line num="73" count="0" type="stmt"/>
        <line num="79" count="0" type="cond" truecount="0" falsecount="2"/>
        <line num="80" count="0" type="stmt"/>
        <line num="81" count="0" type="stmt"/>
        <line num="84" count="0" type="stmt"/>
        <line num="85" count="0" type="stmt"/>
        <line num="89" count="19" type="stmt"/>
        <line num="90" count="9" type="stmt"/>
        <line num="91" count="9" type="stmt"/>
        <line num="97" count="9" type="cond" truecount="1" falsecount="1"/>
        <line num="98" count="9" type="stmt"/>
        <line num="101" count="0" type="stmt"/>
        <line num="105" count="19" type="stmt"/>
        <line num="106" count="9" type="stmt"/>
        <line num="107" count="9" type="stmt"/>
        <line num="113" count="9" type="cond" truecount="1" falsecount="1"/>
        <line num="114" count="9" type="stmt"/>
        <line num="117" count="0" type="stmt"/>
        <line num="121" count="19" type="stmt"/>
        <line num="122" count="9" type="cond" truecount="1" falsecount="1"/>
        <line num="124" count="9" type="stmt"/>
        <line num="125" count="9" type="stmt"/>
        <line num="128" count="19" type="stmt"/>
        <line num="129" count="9" type="cond" truecount="3" falsecount="1"/>
        <line num="131" count="0" type="stmt"/>
        <line num="133" count="19" type="stmt"/>
        <line num="134" count="19" type="stmt"/>
        <line num="136" count="19" type="stmt"/>
        <line num="138" count="11" type="cond" truecount="4" falsecount="0"/>
        <line num="140" count="2" type="stmt"/>
        <line num="142" count="0" type="cond" truecount="0" falsecount="2"/>
        <line num="148" count="0" type="stmt"/>
        <line num="152" count="0" type="cond" truecount="0" falsecount="2"/>
        <line num="160" count="0" type="stmt"/>
        <line num="166" count="2" type="stmt"/>
        <line num="168" count="2" type="stmt"/>
        <line num="172" count="19" type="stmt"/>
        <line num="174" count="19" type="stmt"/>
        <line num="175" count="0" type="stmt"/>
        <line num="178" count="19" type="stmt"/>
        <line num="179" count="0" type="stmt"/>
        <line num="180" count="0" type="cond" truecount="0" falsecount="2"/>
        <line num="182" count="0" type="cond" truecount="0" falsecount="2"/>
        <line num="183" count="0" type="stmt"/>
        <line num="184" count="0" type="stmt"/>
        <line num="185" count="0" type="stmt"/>
        <line num="188" count="0" type="stmt"/>
        <line num="189" count="0" type="stmt"/>
        <line num="190" count="0" type="stmt"/>
        <line num="192" count="0" type="stmt"/>
        <line num="193" count="0" type="stmt"/>
        <line num="195" count="0" type="stmt"/>
        <line num="197" count="0" type="stmt"/>
        <line num="200" count="19" type="stmt"/>
      </file>
    </package>
    <package name="pages">
      <metrics statements="88" coveredstatements="83" conditionals="77" coveredconditionals="47" methods="29" coveredmethods="15"/>
      <file name="Login.jsx" path="D:\10Pearls\10PearlsRepo\cohort-9-mern-7723-hassan\frontend\src\pages\Login.jsx">
        <metrics statements="28" coveredstatements="27" conditionals="24" coveredconditionals="14" methods="7" coveredmethods="5"/>
        <line num="9" count="61" type="stmt"/>
        <line num="10" count="61" type="stmt"/>
        <line num="11" count="61" type="stmt"/>
        <line num="12" count="61" type="stmt"/>
        <line num="13" count="61" type="stmt"/>
        <line num="15" count="61" type="stmt"/>
        <line num="16" count="54" type="stmt"/>
        <line num="17" count="54" type="stmt"/>
        <line num="18" count="54" type="cond" truecount="1" falsecount="1"/>
        <line num="19" count="54" type="cond" truecount="1" falsecount="1"/>
        <line num="22" count="61" type="stmt"/>
        <line num="23" count="2" type="stmt"/>
        <line num="27" count="2" type="stmt"/>
        <line num="28" count="2" type="cond" truecount="2" falsecount="0"/>
        <line num="31" count="61" type="stmt"/>
        <line num="32" count="2" type="stmt"/>
        <line num="33" count="2" type="cond" truecount="1" falsecount="1"/>
        <line num="35" count="2" type="stmt"/>
        <line num="36" count="2" type="stmt"/>
        <line num="37" count="2" type="stmt"/>
        <line num="38" count="2" type="stmt"/>
        <line num="39" count="1" type="cond" truecount="1" falsecount="1"/>
        <line num="40" count="1" type="stmt"/>
        <line num="41" count="1" type="stmt"/>
        <line num="43" count="0" type="cond" truecount="0" falsecount="2"/>
        <line num="45" count="1" type="cond" truecount="1" falsecount="1"/>
        <line num="47" count="2" type="stmt"/>
        <line num="51" count="61" type="stmt"/>
      </file>
      <file name="Profile.jsx" path="D:\10Pearls\10PearlsRepo\cohort-9-mern-7723-hassan\frontend\src\pages\Profile.jsx">
        <metrics statements="33" coveredstatements="30" conditionals="22" coveredconditionals="15" methods="15" coveredmethods="5"/>
        <line num="8" count="1" type="stmt"/>
        <line num="9" count="4" type="stmt"/>
        <line num="10" count="4" type="stmt"/>
        <line num="11" count="4" type="stmt"/>
        <line num="12" count="4" type="stmt"/>
        <line num="14" count="4" type="stmt"/>
        <line num="16" count="4" type="stmt"/>
        <line num="18" count="4" type="stmt"/>
        <line num="19" count="2" type="stmt"/>
        <line num="20" count="2" type="stmt"/>
        <line num="26" count="2" type="cond" truecount="1" falsecount="1"/>
        <line num="27" count="2" type="stmt"/>
        <line num="30" count="0" type="stmt"/>
        <line num="34" count="4" type="stmt"/>
        <line num="35" count="2" type="stmt"/>
        <line num="36" count="2" type="stmt"/>
        <line num="42" count="2" type="cond" truecount="1" falsecount="1"/>
        <line num="43" count="2" type="cond" truecount="1" falsecount="1"/>
        <line num="46" count="0" type="stmt"/>
        <line num="50" count="4" type="stmt"/>
        <line num="51" count="2" type="cond" truecount="1" falsecount="1"/>
        <line num="53" count="2" type="stmt"/>
        <line num="54" count="2" type="stmt"/>
        <line num="57" count="4" type="stmt"/>
        <line num="62" count="4" type="stmt"/>
        <line num="66" count="4" type="stmt"/>
        <line num="70" count="4" type="stmt"/>
        <line num="74" count="4" type="cond" truecount="2" falsecount="0"/>
        <line num="75" count="4" type="cond" truecount="2" falsecount="0"/>
        <line num="76" count="4" type="cond" truecount="2" falsecount="0"/>
        <line num="78" count="4" type="stmt"/>
        <line num="112" count="1" type="stmt"/>
        <line num="185" count="0" type="stmt"/>
      </file>
      <file name="Register.jsx" path="D:\10Pearls\10PearlsRepo\cohort-9-mern-7723-hassan\frontend\src\pages\Register.jsx">
        <metrics statements="27" coveredstatements="26" conditionals="31" coveredconditionals="18" methods="7" coveredmethods="5"/>
        <line num="10" count="73" type="stmt"/>
        <line num="11" count="73" type="stmt"/>
        <line num="12" count="73" type="stmt"/>
        <line num="13" count="73" type="stmt"/>
        <line num="14" count="73" type="stmt"/>
        <line num="16" count="73" type="stmt"/>
        <line num="17" count="66" type="stmt"/>
        <line num="18" count="66" type="stmt"/>
        <line num="19" count="66" type="cond" truecount="1" falsecount="1"/>
        <line num="20" count="66" type="cond" truecount="1" falsecount="1"/>
        <line num="23" count="73" type="stmt"/>
        <line num="24" count="2" type="stmt"/>
        <line num="29" count="2" type="stmt"/>
        <line num="30" count="2" type="cond" truecount="3" falsecount="0"/>
        <line num="33" count="73" type="stmt"/>
        <line num="34" count="2" type="stmt"/>
        <line num="35" count="2" type="cond" truecount="1" falsecount="1"/>
        <line num="37" count="2" type="stmt"/>
        <line num="38" count="2" type="stmt"/>
        <line num="39" count="2" type="stmt"/>
        <line num="40" count="2" type="stmt"/>
        <line num="41" count="1" type="cond" truecount="1" falsecount="1"/>
        <line num="42" count="1" type="stmt"/>
        <line num="44" count="0" type="cond" truecount="0" falsecount="2"/>
        <line num="47" count="1" type="cond" truecount="1" falsecount="1"/>
        <line num="49" count="2" type="stmt"/>
        <line num="53" count="73" type="stmt"/>
      </file>
    </package>
  </project>
</coverage>
