<?xml version="1.0" encoding="UTF-8"?>
<coverage generated="1787047957760" clover="3.2.0">
  <project timestamp="1787047957761" name="All files">
    <metrics statements="73" coveredstatements="72" conditionals="60" coveredconditionals="55" methods="16" coveredmethods="16" elements="149" coveredelements="143" complexity="0" loc="73" ncloc="73" packages="1" files="1" classes="1"/>
    <file name="Notepad.jsx" path="D:\10Pearls\10PearlsRepo\cohort-9-mern-7723-hassan\frontend\src\components\Notepad.jsx">
      <metrics statements="73" coveredstatements="72" conditionals="60" coveredconditionals="55" methods="16" coveredmethods="16"/>
      <line num="6" count="1" type="stmt"/>
      <line num="13" count="35" type="stmt"/>
      <line num="14" count="35" type="stmt"/>
      <line num="16" count="35" type="stmt"/>
      <line num="18" count="35" type="stmt"/>
      <line num="24" count="35" type="stmt"/>
      <line num="25" count="21" type="cond" truecount="2" falsecount="0"/>
      <line num="27" count="21" type="cond" truecount="2" falsecount="0"/>
      <line num="31" count="12" type="stmt"/>
      <line num="35" count="35" type="stmt"/>
      <line num="36" count="21" type="stmt"/>
      <line num="39" count="35" type="stmt"/>
      <line num="40" count="15" type="cond" truecount="4" falsecount="0"/>
      <line num="41" count="3" type="cond" truecount="3" falsecount="1"/>
      <line num="43" count="1" type="stmt"/>
      <line num="44" count="1" type="stmt"/>
      <line num="45" count="1" type="stmt"/>
      <line num="48" count="1" type="stmt"/>
      <line num="49" count="1" type="stmt"/>
      <line num="50" count="1" type="stmt"/>
      <line num="53" count="1" type="stmt"/>
      <line num="54" count="1" type="stmt"/>
      <line num="55" count="1" type="stmt"/>
      <line num="58" count="0" type="stmt"/>
      <line num="63" count="35" type="stmt"/>
      <line num="64" count="17" type="cond" truecount="2" falsecount="0"/>
      <line num="65" count="13" type="stmt"/>
      <line num="68" count="4" type="stmt"/>
      <line num="74" count="35" type="cond" truecount="1" falsecount="0"/>
      <line num="75" count="3" type="cond" truecount="3" falsecount="1"/>
      <line num="77" count="3" type="stmt"/>
      <line num="79" count="3" type="stmt"/>
      <line num="80" count="3" type="cond" truecount="1" falsecount="1"/>
      <line num="81" count="3" type="stmt"/>
      <line num="84" count="3" type="stmt"/>
      <line num="85" count="3" type="stmt"/>
      <line num="89" count="35" type="stmt"/>
      <line num="91" count="35" type="stmt"/>
      <line num="92" count="21" type="stmt"/>
      <line num="95" count="35" type="stmt"/>
      <line num="97" count="35" type="stmt"/>
      <line num="98" count="21" type="stmt"/>
      <line num="101" count="35" type="stmt"/>
      <line num="107" count="8" type="stmt"/>
      <line num="108" count="8" type="stmt"/>
      <line num="123" count="4" type="stmt"/>
      <line num="125" count="4" type="stmt"/>
      <line num="127" count="4" type="stmt"/>
      <line num="139" count="4" type="cond" truecount="2" falsecount="0"/>
      <line num="143" count="3" type="stmt"/>
      <line num="147" count="3" type="cond" truecount="2" falsecount="0"/>
      <line num="148" count="1" type="stmt"/>
      <line num="151" count="2" type="stmt"/>
      <line num="153" count="2" type="cond" truecount="2" falsecount="0"/>
      <line num="155" count="1" type="stmt"/>
      <line num="158" count="1" type="stmt"/>
      <line num="160" count="1" type="stmt"/>
      <line num="166" count="35" type="stmt"/>
      <line num="167" count="28" type="cond" truecount="2" falsecount="0"/>
      <line num="169" count="7" type="cond" truecount="2" falsecount="0"/>
      <line num="170" count="1" type="stmt"/>
      <line num="176" count="1" type="stmt"/>
      <line num="179" count="6" type="stmt"/>
      <line num="181" count="6" type="cond" truecount="2" falsecount="0"/>
      <line num="183" count="5" type="stmt"/>
      <line num="189" count="35" type="stmt"/>
      <line num="190" count="11" type="cond" truecount="1" falsecount="1"/>
      <line num="192" count="11" type="stmt"/>
      <line num="195" count="35" type="stmt"/>
      <line num="201" count="1" type="stmt"/>
      <line num="212" count="1" type="stmt"/>
      <line num="223" count="1" type="stmt"/>
      <line num="236" count="1" type="stmt"/>
    </file>
  </project>
</coverage>
