{"D:\\10Pearls\\10PearlsRepo\\cohort-9-mern-7723-hassan\\frontend\\src\\components\\AuthLayout.jsx": {"path":"D:\\10Pearls\\10PearlsRepo\\cohort-9-mern-7723-hassan\\frontend\\src\\components\\AuthLayout.jsx","statementMap":{"0":{"start":{"line":3,"column":21},"end":{"line":38,"column":1}},"1":{"start":{"line":4,"column":2},"end":{"line":37,"column":8}},"2":{"start":{"line":22,"column":6},"end":{"line":22,"column":62}},"3":{"start":{"line":41,"column":2},"end":{"line":93,"column":3}}},"fnMap":{"0":{"name":"(anonymous_0)","decl":{"start":{"line":3,"column":21},"end":{"line":3,"column":22}},"loc":{"start":{"line":4,"column":2},"end":{"line":37,"column":8}},"line":4},"1":{"name":"(anonymous_1)","decl":{"start":{"line":21,"column":38},"end":{"line":21,"column":39}},"loc":{"start":{"line":22,"column":6},"end":{"line":22,"column":62}},"line":22},"2":{"name":"AuthLayout","decl":{"start":{"line":40,"column":24},"end":{"line":40,"column":34}},"loc":{"start":{"line":40,"column":83},"end":{"line":94,"column":1}},"line":40}},"branchMap":{"0":{"loc":{"start":{"line":73,"column":13},"end":{"line":75,"column":20}},"type":"cond-expr","locations":[{"start":{"line":74,"column":14},"end":{"line":74,"column":108}},{"start":{"line":75,"column":16},"end":{"line":75,"column":20}}],"line":73},"1":{"loc":{"start":{"line":77,"column":13},"end":{"line":77,"column":87}},"type":"cond-expr","locations":[{"start":{"line":77,"column":24},"end":{"line":77,"column":80}},{"start":{"line":77,"column":83},"end":{"line":77,"column":87}}],"line":77},"2":{"loc":{"start":{"line":81,"column":13},"end":{"line":81,"column":97}},"type":"cond-expr","locations":[{"start":{"line":81,"column":22},"end":{"line":81,"column":90}},{"start":{"line":81,"column":93},"end":{"line":81,"column":97}}],"line":81}},"s":{"0":1,"1":5,"2":35,"3":5},"f":{"0":5,"1":35,"2":5},"b":{"0":[1,4],"1":[1,4],"2":[1,4]},"_coverageSchema":"1a1c01bbd47fc00a2c39e90264f33305004495a9","hash":"98edba9491227632b80d40646138e18e519a02f1"}
,"D:\\10Pearls\\10PearlsRepo\\cohort-9-mern-7723-hassan\\frontend\\src\\components\\AvailableNotes.jsx": {"path":"D:\\10Pearls\\10PearlsRepo\\cohort-9-mern-7723-hassan\\frontend\\src\\components\\AvailableNotes.jsx","statementMap":{"0":{"start":{"line":4,"column":23},"end":{"line":107,"column":1}},"1":{"start":{"line":10,"column":38},"end":{"line":10,"column":50}},"2":{"start":{"line":12,"column":24},"end":{"line":20,"column":29}},"3":{"start":{"line":13,"column":17},"end":{"line":13,"column":48}},"4":{"start":{"line":15,"column":4},"end":{"line":15,"column":32}},"5":{"start":{"line":15,"column":15},"end":{"line":15,"column":32}},"6":{"start":{"line":17,"column":4},"end":{"line":19,"column":6}},"7":{"start":{"line":18,"column":6},"end":{"line":18,"column":45}},"8":{"start":{"line":22,"column":24},"end":{"line":22,"column":52}},"9":{"start":{"line":24,"column":2},"end":{"line":106,"column":4}},"10":{"start":{"line":32,"column":27},"end":{"line":32,"column":56}},"11":{"start":{"line":42,"column":27},"end":{"line":42,"column":44}},"12":{"start":{"line":57,"column":12},"end":{"line":101,"column":18}},"13":{"start":{"line":61,"column":29},"end":{"line":61,"column":49}},"14":{"start":{"line":63,"column":16},"end":{"line":63,"column":59}},"15":{"start":{"line":63,"column":52},"end":{"line":63,"column":59}},"16":{"start":{"line":65,"column":16},"end":{"line":72,"column":17}},"17":{"start":{"line":70,"column":18},"end":{"line":70,"column":41}},"18":{"start":{"line":71,"column":18},"end":{"line":71,"column":39}},"19":{"start":{"line":85,"column":18},"end":{"line":85,"column":38}},"20":{"start":{"line":86,"column":18},"end":{"line":86,"column":41}}},"fnMap":{"0":{"name":"(anonymous_0)","decl":{"start":{"line":4,"column":23},"end":{"line":4,"column":24}},"loc":{"start":{"line":9,"column":6},"end":{"line":107,"column":1}},"line":9},"1":{"name":"(anonymous_1)","decl":{"start":{"line":12,"column":32},"end":{"line":12,"column":33}},"loc":{"start":{"line":12,"column":38},"end":{"line":20,"column":3}},"line":12},"2":{"name":"(anonymous_2)","decl":{"start":{"line":17,"column":28},"end":{"line":17,"column":29}},"loc":{"start":{"line":18,"column":6},"end":{"line":18,"column":45}},"line":18},"3":{"name":"(anonymous_3)","decl":{"start":{"line":32,"column":20},"end":{"line":32,"column":21}},"loc":{"start":{"line":32,"column":27},"end":{"line":32,"column":56}},"line":32},"4":{"name":"(anonymous_4)","decl":{"start":{"line":42,"column":21},"end":{"line":42,"column":22}},"loc":{"start":{"line":42,"column":27},"end":{"line":42,"column":44}},"line":42},"5":{"name":"(anonymous_5)","decl":{"start":{"line":56,"column":28},"end":{"line":56,"column":29}},"loc":{"start":{"line":57,"column":12},"end":{"line":101,"column":18}},"line":57},"6":{"name":"(anonymous_6)","decl":{"start":{"line":61,"column":23},"end":{"line":61,"column":24}},"loc":{"start":{"line":61,"column":29},"end":{"line":61,"column":49}},"line":61},"7":{"name":"(anonymous_7)","decl":{"start":{"line":62,"column":25},"end":{"line":62,"column":26}},"loc":{"start":{"line":62,"column":36},"end":{"line":73,"column":15}},"line":62},"8":{"name":"(anonymous_8)","decl":{"start":{"line":84,"column":25},"end":{"line":84,"column":26}},"loc":{"start":{"line":84,"column":32},"end":{"line":87,"column":17}},"line":84}},"branchMap":{"0":{"loc":{"start":{"line":15,"column":4},"end":{"line":15,"column":32}},"type":"if","locations":[{"start":{"line":15,"column":4},"end":{"line":15,"column":32}},{"start":{},"end":{}}],"line":15},"1":{"loc":{"start":{"line":38,"column":9},"end":{"line":47,"column":9}},"type":"binary-expr","locations":[{"start":{"line":38,"column":9},"end":{"line":38,"column":19}},{"start":{"line":39,"column":10},"end":{"line":46,"column":19}}],"line":38},"2":{"loc":{"start":{"line":51,"column":9},"end":{"line":103,"column":9}},"type":"cond-expr","locations":[{"start":{"line":52,"column":10},"end":{"line":54,"column":14}},{"start":{"line":56,"column":10},"end":{"line":102,"column":12}}],"line":51},"3":{"loc":{"start":{"line":53,"column":13},"end":{"line":53,"column":84}},"type":"cond-expr","locations":[{"start":{"line":53,"column":29},"end":{"line":53,"column":61}},{"start":{"line":53,"column":64},"end":{"line":53,"column":84}}],"line":53},"4":{"loc":{"start":{"line":63,"column":16},"end":{"line":63,"column":59}},"type":"if","locations":[{"start":{"line":63,"column":16},"end":{"line":63,"column":59}},{"start":{},"end":{}}],"line":63},"5":{"loc":{"start":{"line":65,"column":16},"end":{"line":72,"column":17}},"type":"if","locations":[{"start":{"line":65,"column":16},"end":{"line":72,"column":17}},{"start":{},"end":{}}],"line":65},"6":{"loc":{"start":{"line":66,"column":18},"end":{"line":68,"column":42}},"type":"binary-expr","locations":[{"start":{"line":66,"column":18},"end":{"line":66,"column":39}},{"start":{"line":67,"column":18},"end":{"line":67,"column":35}},{"start":{"line":68,"column":18},"end":{"line":68,"column":42}}],"line":66},"7":{"loc":{"start":{"line":89,"column":18},"end":{"line":91,"column":55}},"type":"cond-expr","locations":[{"start":{"line":90,"column":22},"end":{"line":90,"column":56}},{"start":{"line":91,"column":22},"end":{"line":91,"column":55}}],"line":89},"8":{"loc":{"start":{"line":94,"column":18},"end":{"line":96,"column":35}},"type":"cond-expr","locations":[{"start":{"line":95,"column":22},"end":{"line":95,"column":61}},{"start":{"line":96,"column":22},"end":{"line":96,"column":35}}],"line":94}},"s":{"0":2,"1":40,"2":40,"3":40,"4":40,"5":13,"6":27,"7":54,"8":40,"9":40,"10":27,"11":1,"12":45,"13":1,"14":3,"15":1,"16":2,"17":2,"18":2,"19":3,"20":3},"f":{"0":40,"1":40,"2":54,"3":27,"4":1,"5":45,"6":1,"7":3,"8":3},"b":{"0":[13,27],"1":[40,27],"2":[10,30],"3":[9,1],"4":[1,2],"5":[2,0],"6":[2,1,0],"7":[1,44],"8":[1,44]},"_coverageSchema":"1a1c01bbd47fc00a2c39e90264f33305004495a9","hash":"8bab65a624eaac1de4c337966931415277cc49ba"}
,"D:\\10Pearls\\10PearlsRepo\\cohort-9-mern-7723-hassan\\frontend\\src\\components\\Heading.jsx": {"path":"D:\\10Pearls\\10PearlsRepo\\cohort-9-mern-7723-hassan\\frontend\\src\\components\\Heading.jsx","statementMap":{"0":{"start":{"line":1,"column":16},"end":{"line":26,"column":1}},"1":{"start":{"line":2,"column":2},"end":{"line":25,"column":3}}},"fnMap":{"0":{"name":"(anonymous_0)","decl":{"start":{"line":1,"column":16},"end":{"line":1,"column":17}},"loc":{"start":{"line":1,"column":47},"end":{"line":26,"column":1}},"line":1}},"branchMap":{"0":{"loc":{"start":{"line":14,"column":22},"end":{"line":14,"column":63}},"type":"cond-expr","locations":[{"start":{"line":14,"column":31},"end":{"line":14,"column":46}},{"start":{"line":14,"column":49},"end":{"line":14,"column":63}}],"line":14},"1":{"loc":{"start":{"line":18,"column":66},"end":{"line":18,"column":125}},"type":"cond-expr","locations":[{"start":{"line":18,"column":75},"end":{"line":18,"column":97}},{"start":{"line":18,"column":100},"end":{"line":18,"column":125}}],"line":18}},"s":{"0":2,"1":8},"f":{"0":8},"b":{"0":[5,3],"1":[5,3]},"_coverageSchema":"1a1c01bbd47fc00a2c39e90264f33305004495a9","hash":"60acbc3c624fb1bac34edca549897d7a3bd28663"}
,"D:\\10Pearls\\10PearlsRepo\\cohort-9-mern-7723-hassan\\frontend\\src\\components\\Notepad.jsx": {"path":"D:\\10Pearls\\10PearlsRepo\\cohort-9-mern-7723-hassan\\frontend\\src\\components\\Notepad.jsx","statementMap":{"0":{"start":{"line":6,"column":16},"end":{"line":219,"column":1}},"1":{"start":{"line":7,"column":20},"end":{"line":7,"column":32}},"2":{"start":{"line":8,"column":22},"end":{"line":8,"column":57}},"3":{"start":{"line":9,"column":36},"end":{"line":9,"column":62}},"4":{"start":{"line":9,"column":106},"end":{"line":13,"column":4}},"5":{"start":{"line":16,"column":2},"end":{"line":25,"column":16}},"6":{"start":{"line":17,"column":29},"end":{"line":17,"column":62}},"7":{"start":{"line":19,"column":4},"end":{"line":24,"column":5}},"8":{"start":{"line":23,"column":6},"end":{"line":23,"column":53}},"9":{"start":{"line":27,"column":2},"end":{"line":29,"column":24}},"10":{"start":{"line":28,"column":4},"end":{"line":28,"column":35}},"11":{"start":{"line":31,"column":24},"end":{"line":53,"column":3}},"12":{"start":{"line":32,"column":4},"end":{"line":52,"column":5}},"13":{"start":{"line":33,"column":6},"end":{"line":51,"column":7}},"14":{"start":{"line":35,"column":10},"end":{"line":35,"column":29}},"15":{"start":{"line":36,"column":10},"end":{"line":36,"column":39}},"16":{"start":{"line":37,"column":10},"end":{"line":37,"column":16}},"17":{"start":{"line":40,"column":10},"end":{"line":40,"column":29}},"18":{"start":{"line":41,"column":10},"end":{"line":41,"column":44}},"19":{"start":{"line":42,"column":10},"end":{"line":42,"column":16}},"20":{"start":{"line":45,"column":10},"end":{"line":45,"column":29}},"21":{"start":{"line":46,"column":10},"end":{"line":46,"column":41}},"22":{"start":{"line":47,"column":10},"end":{"line":47,"column":16}},"23":{"start":{"line":50,"column":10},"end":{"line":50,"column":16}},"24":{"start":{"line":54,"column":29},"end":{"line":60,"column":1}},"25":{"start":{"line":55,"column":2},"end":{"line":59,"column":5}},"26":{"start":{"line":61,"column":22},"end":{"line":73,"column":1}},"27":{"start":{"line":62,"column":2},"end":{"line":62,"column":47}},"28":{"start":{"line":62,"column":40},"end":{"line":62,"column":47}},"29":{"start":{"line":64,"column":2},"end":{"line":64,"column":28}},"30":{"start":{"line":66,"column":2},"end":{"line":72,"column":8}},"31":{"start":{"line":67,"column":4},"end":{"line":67,"column":48}},"32":{"start":{"line":69,"column":4},"end":{"line":69,"column":44}},"33":{"start":{"line":71,"column":4},"end":{"line":71,"column":25}},"34":{"start":{"line":74,"column":21},"end":{"line":74,"column":36}},"35":{"start":{"line":76,"column":2},"end":{"line":78,"column":16}},"36":{"start":{"line":77,"column":4},"end":{"line":77,"column":33}},"37":{"start":{"line":80,"column":29},"end":{"line":80,"column":52}},"38":{"start":{"line":82,"column":2},"end":{"line":84,"column":24}},"39":{"start":{"line":83,"column":4},"end":{"line":83,"column":49}},"40":{"start":{"line":86,"column":2},"end":{"line":99,"column":20}},"41":{"start":{"line":87,"column":4},"end":{"line":87,"column":34}},"42":{"start":{"line":87,"column":27},"end":{"line":87,"column":34}},"43":{"start":{"line":89,"column":4},"end":{"line":92,"column":5}},"44":{"start":{"line":90,"column":6},"end":{"line":90,"column":79}},"45":{"start":{"line":91,"column":6},"end":{"line":91,"column":13}},"46":{"start":{"line":94,"column":17},"end":{"line":94,"column":42}},"47":{"start":{"line":96,"column":4},"end":{"line":96,"column":22}},"48":{"start":{"line":96,"column":15},"end":{"line":96,"column":22}},"49":{"start":{"line":98,"column":4},"end":{"line":98,"column":42}},"50":{"start":{"line":100,"column":22},"end":{"line":154,"column":3}},"51":{"start":{"line":106,"column":4},"end":{"line":153,"column":5}},"52":{"start":{"line":107,"column":23},"end":{"line":120,"column":7}},"53":{"start":{"line":122,"column":24},"end":{"line":122,"column":43}},"54":{"start":{"line":124,"column":6},"end":{"line":124,"column":35}},"55":{"start":{"line":125,"column":6},"end":{"line":129,"column":8}},"56":{"start":{"line":131,"column":6},"end":{"line":149,"column":7}},"57":{"start":{"line":136,"column":26},"end":{"line":138,"column":9}},"58":{"start":{"line":140,"column":8},"end":{"line":142,"column":9}},"59":{"start":{"line":141,"column":10},"end":{"line":141,"column":54}},"60":{"start":{"line":144,"column":24},"end":{"line":144,"column":55}},"61":{"start":{"line":146,"column":8},"end":{"line":146,"column":29}},"62":{"start":{"line":146,"column":22},"end":{"line":146,"column":29}},"63":{"start":{"line":148,"column":8},"end":{"line":148,"column":58}},"64":{"start":{"line":151,"column":6},"end":{"line":151,"column":25}},"65":{"start":{"line":152,"column":6},"end":{"line":152,"column":61}},"66":{"start":{"line":156,"column":22},"end":{"line":160,"column":3}},"67":{"start":{"line":157,"column":4},"end":{"line":157,"column":35}},"68":{"start":{"line":157,"column":28},"end":{"line":157,"column":35}},"69":{"start":{"line":159,"column":4},"end":{"line":159,"column":44}},"70":{"start":{"line":162,"column":2},"end":{"line":218,"column":4}},"71":{"start":{"line":168,"column":27},"end":{"line":168,"column":46}},"72":{"start":{"line":177,"column":27},"end":{"line":177,"column":48}},"73":{"start":{"line":186,"column":27},"end":{"line":186,"column":51}},"74":{"start":{"line":198,"column":27},"end":{"line":198,"column":45}}},"fnMap":{"0":{"name":"(anonymous_0)","decl":{"start":{"line":6,"column":16},"end":{"line":6,"column":17}},"loc":{"start":{"line":6,"column":90},"end":{"line":219,"column":1}},"line":6},"1":{"name":"(anonymous_1)","decl":{"start":{"line":16,"column":12},"end":{"line":16,"column":13}},"loc":{"start":{"line":16,"column":18},"end":{"line":25,"column":3}},"line":16},"2":{"name":"(anonymous_2)","decl":{"start":{"line":27,"column":12},"end":{"line":27,"column":13}},"loc":{"start":{"line":27,"column":18},"end":{"line":29,"column":3}},"line":27},"3":{"name":"(anonymous_3)","decl":{"start":{"line":31,"column":24},"end":{"line":31,"column":25}},"loc":{"start":{"line":31,"column":31},"end":{"line":53,"column":3}},"line":31},"4":{"name":"(anonymous_4)","decl":{"start":{"line":54,"column":29},"end":{"line":54,"column":30}},"loc":{"start":{"line":54,"column":35},"end":{"line":60,"column":1}},"line":54},"5":{"name":"(anonymous_5)","decl":{"start":{"line":61,"column":22},"end":{"line":61,"column":23}},"loc":{"start":{"line":61,"column":49},"end":{"line":73,"column":1}},"line":61},"6":{"name":"(anonymous_6)","decl":{"start":{"line":66,"column":13},"end":{"line":66,"column":14}},"loc":{"start":{"line":66,"column":19},"end":{"line":72,"column":3}},"line":66},"7":{"name":"(anonymous_7)","decl":{"start":{"line":76,"column":12},"end":{"line":76,"column":13}},"loc":{"start":{"line":76,"column":18},"end":{"line":78,"column":3}},"line":76},"8":{"name":"(anonymous_8)","decl":{"start":{"line":82,"column":12},"end":{"line":82,"column":13}},"loc":{"start":{"line":82,"column":18},"end":{"line":84,"column":3}},"line":82},"9":{"name":"(anonymous_9)","decl":{"start":{"line":86,"column":12},"end":{"line":86,"column":13}},"loc":{"start":{"line":86,"column":18},"end":{"line":99,"column":3}},"line":86},"10":{"name":"(anonymous_10)","decl":{"start":{"line":100,"column":22},"end":{"line":100,"column":23}},"loc":{"start":{"line":105,"column":7},"end":{"line":154,"column":3}},"line":105},"11":{"name":"(anonymous_11)","decl":{"start":{"line":156,"column":22},"end":{"line":156,"column":23}},"loc":{"start":{"line":156,"column":28},"end":{"line":160,"column":3}},"line":156},"12":{"name":"(anonymous_12)","decl":{"start":{"line":168,"column":21},"end":{"line":168,"column":22}},"loc":{"start":{"line":168,"column":27},"end":{"line":168,"column":46}},"line":168},"13":{"name":"(anonymous_13)","decl":{"start":{"line":177,"column":21},"end":{"line":177,"column":22}},"loc":{"start":{"line":177,"column":27},"end":{"line":177,"column":48}},"line":177},"14":{"name":"(anonymous_14)","decl":{"start":{"line":186,"column":21},"end":{"line":186,"column":22}},"loc":{"start":{"line":186,"column":27},"end":{"line":186,"column":51}},"line":186},"15":{"name":"(anonymous_15)","decl":{"start":{"line":198,"column":21},"end":{"line":198,"column":22}},"loc":{"start":{"line":198,"column":27},"end":{"line":198,"column":45}},"line":198}},"branchMap":{"0":{"loc":{"start":{"line":17,"column":48},"end":{"line":17,"column":61}},"type":"binary-expr","locations":[{"start":{"line":17,"column":48},"end":{"line":17,"column":55}},{"start":{"line":17,"column":59},"end":{"line":17,"column":61}}],"line":17},"1":{"loc":{"start":{"line":19,"column":4},"end":{"line":24,"column":5}},"type":"if","locations":[{"start":{"line":19,"column":4},"end":{"line":24,"column":5}},{"start":{},"end":{}}],"line":19},"2":{"loc":{"start":{"line":20,"column":6},"end":{"line":21,"column":54}},"type":"binary-expr","locations":[{"start":{"line":20,"column":6},"end":{"line":20,"column":23}},{"start":{"line":21,"column":6},"end":{"line":21,"column":54}}],"line":20},"3":{"loc":{"start":{"line":32,"column":4},"end":{"line":52,"column":5}},"type":"if","locations":[{"start":{"line":32,"column":4},"end":{"line":52,"column":5}},{"start":{},"end":{}}],"line":32},"4":{"loc":{"start":{"line":32,"column":8},"end":{"line":32,"column":30}},"type":"binary-expr","locations":[{"start":{"line":32,"column":8},"end":{"line":32,"column":17}},{"start":{"line":32,"column":21},"end":{"line":32,"column":30}}],"line":32},"5":{"loc":{"start":{"line":33,"column":6},"end":{"line":51,"column":7}},"type":"switch","locations":[{"start":{"line":34,"column":8},"end":{"line":37,"column":16}},{"start":{"line":39,"column":8},"end":{"line":42,"column":16}},{"start":{"line":44,"column":8},"end":{"line":47,"column":16}},{"start":{"line":49,"column":8},"end":{"line":50,"column":16}}],"line":33},"6":{"loc":{"start":{"line":61,"column":32},"end":{"line":61,"column":44}},"type":"default-arg","locations":[{"start":{"line":61,"column":40},"end":{"line":61,"column":44}}],"line":61},"7":{"loc":{"start":{"line":62,"column":2},"end":{"line":62,"column":47}},"type":"if","locations":[{"start":{"line":62,"column":2},"end":{"line":62,"column":47}},{"start":{},"end":{}}],"line":62},"8":{"loc":{"start":{"line":62,"column":6},"end":{"line":62,"column":38}},"type":"binary-expr","locations":[{"start":{"line":62,"column":6},"end":{"line":62,"column":16}},{"start":{"line":62,"column":20},"end":{"line":62,"column":38}}],"line":62},"9":{"loc":{"start":{"line":87,"column":4},"end":{"line":87,"column":34}},"type":"if","locations":[{"start":{"line":87,"column":4},"end":{"line":87,"column":34}},{"start":{},"end":{}}],"line":87},"10":{"loc":{"start":{"line":89,"column":4},"end":{"line":92,"column":5}},"type":"if","locations":[{"start":{"line":89,"column":4},"end":{"line":92,"column":5}},{"start":{},"end":{}}],"line":89},"11":{"loc":{"start":{"line":96,"column":4},"end":{"line":96,"column":22}},"type":"if","locations":[{"start":{"line":96,"column":4},"end":{"line":96,"column":22}},{"start":{},"end":{}}],"line":96},"12":{"loc":{"start":{"line":103,"column":4},"end":{"line":103,"column":17}},"type":"default-arg","locations":[{"start":{"line":103,"column":13},"end":{"line":103,"column":17}}],"line":103},"13":{"loc":{"start":{"line":104,"column":4},"end":{"line":104,"column":18}},"type":"default-arg","locations":[{"start":{"line":104,"column":14},"end":{"line":104,"column":18}}],"line":104},"14":{"loc":{"start":{"line":126,"column":8},"end":{"line":128,"column":56}},"type":"cond-expr","locations":[{"start":{"line":127,"column":12},"end":{"line":127,"column":56}},{"start":{"line":128,"column":12},"end":{"line":128,"column":56}}],"line":126},"15":{"loc":{"start":{"line":128,"column":31},"end":{"line":128,"column":54}},"type":"binary-expr","locations":[{"start":{"line":128,"column":31},"end":{"line":128,"column":46}},{"start":{"line":128,"column":50},"end":{"line":128,"column":54}}],"line":128},"16":{"loc":{"start":{"line":131,"column":6},"end":{"line":149,"column":7}},"type":"if","locations":[{"start":{"line":131,"column":6},"end":{"line":149,"column":7}},{"start":{},"end":{}}],"line":131},"17":{"loc":{"start":{"line":132,"column":8},"end":{"line":134,"column":40}},"type":"binary-expr","locations":[{"start":{"line":132,"column":8},"end":{"line":132,"column":20}},{"start":{"line":133,"column":8},"end":{"line":133,"column":35}},{"start":{"line":134,"column":8},"end":{"line":134,"column":40}}],"line":132},"18":{"loc":{"start":{"line":140,"column":8},"end":{"line":142,"column":9}},"type":"if","locations":[{"start":{"line":140,"column":8},"end":{"line":142,"column":9}},{"start":{},"end":{}}],"line":140},"19":{"loc":{"start":{"line":146,"column":8},"end":{"line":146,"column":29}},"type":"if","locations":[{"start":{"line":146,"column":8},"end":{"line":146,"column":29}},{"start":{},"end":{}}],"line":146},"20":{"loc":{"start":{"line":152,"column":12},"end":{"line":152,"column":59}},"type":"binary-expr","locations":[{"start":{"line":152,"column":12},"end":{"line":152,"column":39}},{"start":{"line":152,"column":43},"end":{"line":152,"column":59}}],"line":152},"21":{"loc":{"start":{"line":157,"column":4},"end":{"line":157,"column":35}},"type":"if","locations":[{"start":{"line":157,"column":4},"end":{"line":157,"column":35}},{"start":{},"end":{}}],"line":157},"22":{"loc":{"start":{"line":195,"column":9},"end":{"line":203,"column":9}},"type":"binary-expr","locations":[{"start":{"line":195,"column":9},"end":{"line":195,"column":24}},{"start":{"line":195,"column":28},"end":{"line":195,"column":38}},{"start":{"line":196,"column":10},"end":{"line":202,"column":19}}],"line":195},"23":{"loc":{"start":{"line":213,"column":17},"end":{"line":213,"column":52}},"type":"cond-expr","locations":[{"start":{"line":213,"column":29},"end":{"line":213,"column":40}},{"start":{"line":213,"column":43},"end":{"line":213,"column":52}}],"line":213},"24":{"loc":{"start":{"line":214,"column":137},"end":{"line":214,"column":176}},"type":"cond-expr","locations":[{"start":{"line":214,"column":149},"end":{"line":214,"column":159}},{"start":{"line":214,"column":162},"end":{"line":214,"column":176}}],"line":214}},"s":{"0":1,"1":12,"2":12,"3":12,"4":12,"5":12,"6":7,"7":7,"8":6,"9":12,"10":7,"11":12,"12":11,"13":0,"14":0,"15":0,"16":0,"17":0,"18":0,"19":0,"20":0,"21":0,"22":0,"23":0,"24":12,"25":0,"26":12,"27":0,"28":0,"29":0,"30":0,"31":0,"32":0,"33":0,"34":12,"35":12,"36":7,"37":12,"38":12,"39":7,"40":12,"41":10,"42":7,"43":3,"44":1,"45":1,"46":2,"47":2,"48":0,"49":2,"50":12,"51":4,"52":4,"53":3,"54":3,"55":3,"56":1,"57":1,"58":1,"59":1,"60":0,"61":0,"62":0,"63":0,"64":0,"65":0,"66":12,"67":11,"68":0,"69":11,"70":12,"71":0,"72":0,"73":0,"74":1},"f":{"0":12,"1":7,"2":7,"3":11,"4":0,"5":0,"6":0,"7":7,"8":7,"9":10,"10":4,"11":11,"12":0,"13":0,"14":0,"15":1},"b":{"0":[7,1],"1":[6,1],"2":[7,7],"3":[0,11],"4":[11,11],"5":[0,0,0,0],"6":[0],"7":[0,0],"8":[0,0],"9":[7,3],"10":[1,2],"11":[0,2],"12":[2],"13":[4],"14":[1,2],"15":[2,2],"16":[1,0],"17":[1,1,1],"18":[1,0],"19":[0,0],"20":[0,0],"21":[0,11],"22":[12,6,4],"23":[8,4],"24":[8,4]},"_coverageSchema":"1a1c01bbd47fc00a2c39e90264f33305004495a9","hash":"6b1d9657d9bc44a4d99d739004409a69a57cf600"}
,"D:\\10Pearls\\10PearlsRepo\\cohort-9-mern-7723-hassan\\frontend\\src\\components\\PasswordInput.jsx": {"path":"D:\\10Pearls\\10PearlsRepo\\cohort-9-mern-7723-hassan\\frontend\\src\\components\\PasswordInput.jsx","statementMap":{"0":{"start":{"line":3,"column":16},"end":{"line":8,"column":1}},"1":{"start":{"line":4,"column":2},"end":{"line":7,"column":8}},"2":{"start":{"line":10,"column":19},"end":{"line":15,"column":1}},"3":{"start":{"line":11,"column":2},"end":{"line":14,"column":8}},"4":{"start":{"line":18,"column":32},"end":{"line":18,"column":47}},"5":{"start":{"line":20,"column":2},"end":{"line":62,"column":3}},"6":{"start":{"line":44,"column":25},"end":{"line":44,"column":46}},"7":{"start":{"line":44,"column":43},"end":{"line":44,"column":45}}},"fnMap":{"0":{"name":"(anonymous_0)","decl":{"start":{"line":3,"column":16},"end":{"line":3,"column":17}},"loc":{"start":{"line":4,"column":2},"end":{"line":7,"column":8}},"line":4},"1":{"name":"(anonymous_1)","decl":{"start":{"line":10,"column":19},"end":{"line":10,"column":20}},"loc":{"start":{"line":11,"column":2},"end":{"line":14,"column":8}},"line":11},"2":{"name":"PasswordInput","decl":{"start":{"line":17,"column":24},"end":{"line":17,"column":37}},"loc":{"start":{"line":17,"column":118},"end":{"line":63,"column":1}},"line":17},"3":{"name":"(anonymous_3)","decl":{"start":{"line":44,"column":19},"end":{"line":44,"column":20}},"loc":{"start":{"line":44,"column":25},"end":{"line":44,"column":46}},"line":44},"4":{"name":"(anonymous_4)","decl":{"start":{"line":44,"column":36},"end":{"line":44,"column":37}},"loc":{"start":{"line":44,"column":43},"end":{"line":44,"column":45}},"line":44}},"branchMap":{"0":{"loc":{"start":{"line":17,"column":75},"end":{"line":17,"column":108}},"type":"default-arg","locations":[{"start":{"line":17,"column":90},"end":{"line":17,"column":108}}],"line":17},"1":{"loc":{"start":{"line":27,"column":10},"end":{"line":27,"column":50}},"type":"cond-expr","locations":[{"start":{"line":27,"column":18},"end":{"line":27,"column":34}},{"start":{"line":27,"column":37},"end":{"line":27,"column":50}}],"line":27},"2":{"loc":{"start":{"line":33,"column":16},"end":{"line":33,"column":45}},"type":"cond-expr","locations":[{"start":{"line":33,"column":26},"end":{"line":33,"column":32}},{"start":{"line":33,"column":35},"end":{"line":33,"column":45}}],"line":33},"3":{"loc":{"start":{"line":38,"column":28},"end":{"line":38,"column":83}},"type":"cond-expr","locations":[{"start":{"line":38,"column":36},"end":{"line":38,"column":49}},{"start":{"line":38,"column":52},"end":{"line":38,"column":83}}],"line":38},"4":{"loc":{"start":{"line":38,"column":52},"end":{"line":38,"column":83}},"type":"cond-expr","locations":[{"start":{"line":38,"column":59},"end":{"line":38,"column":71}},{"start":{"line":38,"column":74},"end":{"line":38,"column":83}}],"line":38},"5":{"loc":{"start":{"line":45,"column":22},"end":{"line":45,"column":65}},"type":"cond-expr","locations":[{"start":{"line":45,"column":32},"end":{"line":45,"column":47}},{"start":{"line":45,"column":50},"end":{"line":45,"column":65}}],"line":45},"6":{"loc":{"start":{"line":49,"column":11},"end":{"line":49,"column":49}},"type":"cond-expr","locations":[{"start":{"line":49,"column":21},"end":{"line":49,"column":35}},{"start":{"line":49,"column":38},"end":{"line":49,"column":49}}],"line":49},"7":{"loc":{"start":{"line":52,"column":7},"end":{"line":60,"column":14}},"type":"cond-expr","locations":[{"start":{"line":53,"column":8},"end":{"line":55,"column":12}},{"start":{"line":56,"column":10},"end":{"line":60,"column":14}}],"line":52},"8":{"loc":{"start":{"line":56,"column":10},"end":{"line":60,"column":14}},"type":"cond-expr","locations":[{"start":{"line":57,"column":8},"end":{"line":59,"column":12}},{"start":{"line":60,"column":10},"end":{"line":60,"column":14}}],"line":56}},"s":{"0":1,"1":8,"2":1,"3":2,"4":10,"5":10,"6":3,"7":3},"f":{"0":8,"1":2,"2":10,"3":3,"4":3},"b":{"0":[10],"1":[1,9],"2":[2,8],"3":[1,9],"4":[1,8],"5":[2,8],"6":[2,8],"7":[1,9],"8":[1,8]},"_coverageSchema":"1a1c01bbd47fc00a2c39e90264f33305004495a9","hash":"b5b96bccea92d98187b44c4af343fbbc83e20461"}
,"D:\\10Pearls\\10PearlsRepo\\cohort-9-mern-7723-hassan\\frontend\\src\\components\\Setting.jsx": {"path":"D:\\10Pearls\\10PearlsRepo\\cohort-9-mern-7723-hassan\\frontend\\src\\components\\Setting.jsx","statementMap":{"0":{"start":{"line":3,"column":17},"end":{"line":38,"column":1}},"1":{"start":{"line":4,"column":19},"end":{"line":4,"column":32}},"2":{"start":{"line":6,"column":18},"end":{"line":6,"column":45}},"3":{"start":{"line":8,"column":17},"end":{"line":11,"column":3}},"4":{"start":{"line":9,"column":4},"end":{"line":9,"column":43}},"5":{"start":{"line":10,"column":4},"end":{"line":10,"column":23}},"6":{"start":{"line":13,"column":22},"end":{"line":20,"column":3}},"7":{"start":{"line":14,"column":4},"end":{"line":19,"column":5}},"8":{"start":{"line":15,"column":6},"end":{"line":15,"column":15}},"9":{"start":{"line":17,"column":9},"end":{"line":19,"column":5}},"10":{"start":{"line":18,"column":6},"end":{"line":18,"column":27}},"11":{"start":{"line":22,"column":2},"end":{"line":37,"column":4}},"12":{"start":{"line":25,"column":8},"end":{"line":34,"column":17}},"13":{"start":{"line":28,"column":25},"end":{"line":28,"column":42}}},"fnMap":{"0":{"name":"(anonymous_0)","decl":{"start":{"line":3,"column":17},"end":{"line":3,"column":18}},"loc":{"start":{"line":3,"column":23},"end":{"line":38,"column":1}},"line":3},"1":{"name":"(anonymous_1)","decl":{"start":{"line":8,"column":17},"end":{"line":8,"column":18}},"loc":{"start":{"line":8,"column":23},"end":{"line":11,"column":3}},"line":8},"2":{"name":"(anonymous_2)","decl":{"start":{"line":13,"column":22},"end":{"line":13,"column":23}},"loc":{"start":{"line":13,"column":32},"end":{"line":20,"column":3}},"line":13},"3":{"name":"(anonymous_3)","decl":{"start":{"line":24,"column":19},"end":{"line":24,"column":20}},"loc":{"start":{"line":25,"column":8},"end":{"line":34,"column":17}},"line":25},"4":{"name":"(anonymous_4)","decl":{"start":{"line":28,"column":19},"end":{"line":28,"column":20}},"loc":{"start":{"line":28,"column":25},"end":{"line":28,"column":42}},"line":28}},"branchMap":{"0":{"loc":{"start":{"line":14,"column":4},"end":{"line":19,"column":5}},"type":"if","locations":[{"start":{"line":14,"column":4},"end":{"line":19,"column":5}},{"start":{"line":17,"column":9},"end":{"line":19,"column":5}}],"line":14},"1":{"loc":{"start":{"line":17,"column":9},"end":{"line":19,"column":5}},"type":"if","locations":[{"start":{"line":17,"column":9},"end":{"line":19,"column":5}},{"start":{},"end":{}}],"line":17}},"s":{"0":2,"1":1,"2":1,"3":1,"4":0,"5":0,"6":1,"7":0,"8":0,"9":0,"10":0,"11":1,"12":2,"13":0},"f":{"0":1,"1":0,"2":0,"3":2,"4":0},"b":{"0":[0,0],"1":[0,0]},"_coverageSchema":"1a1c01bbd47fc00a2c39e90264f33305004495a9","hash":"3437dbf239e95f1cc9962dd0a77ce4e2ff6839d4"}
,"D:\\10Pearls\\10PearlsRepo\\cohort-9-mern-7723-hassan\\frontend\\src\\components\\Sidebar.jsx": {"path":"D:\\10Pearls\\10PearlsRepo\\cohort-9-mern-7723-hassan\\frontend\\src\\components\\Sidebar.jsx","statementMap":{"0":{"start":{"line":8,"column":16},"end":{"line":336,"column":1}},"1":{"start":{"line":19,"column":22},"end":{"line":19,"column":57}},"2":{"start":{"line":20,"column":19},"end":{"line":20,"column":32}},"3":{"start":{"line":22,"column":32},"end":{"line":22,"column":46}},"4":{"start":{"line":23,"column":36},"end":{"line":23,"column":48}},"5":{"start":{"line":24,"column":24},"end":{"line":24,"column":39}},"6":{"start":{"line":25,"column":32},"end":{"line":25,"column":47}},"7":{"start":{"line":27,"column":21},"end":{"line":29,"column":3}},"8":{"start":{"line":28,"column":4},"end":{"line":28,"column":17}},"9":{"start":{"line":31,"column":22},"end":{"line":33,"column":3}},"10":{"start":{"line":32,"column":4},"end":{"line":32,"column":25}},"11":{"start":{"line":35,"column":17},"end":{"line":39,"column":3}},"12":{"start":{"line":36,"column":4},"end":{"line":36,"column":18}},"13":{"start":{"line":37,"column":4},"end":{"line":37,"column":22}},"14":{"start":{"line":38,"column":4},"end":{"line":38,"column":27}},"15":{"start":{"line":41,"column":20},"end":{"line":45,"column":3}},"16":{"start":{"line":42,"column":4},"end":{"line":42,"column":18}},"17":{"start":{"line":43,"column":4},"end":{"line":43,"column":22}},"18":{"start":{"line":44,"column":4},"end":{"line":44,"column":25}},"19":{"start":{"line":47,"column":25},"end":{"line":64,"column":3}},"20":{"start":{"line":48,"column":4},"end":{"line":63,"column":5}},"21":{"start":{"line":49,"column":18},"end":{"line":53,"column":8}},"22":{"start":{"line":55,"column":6},"end":{"line":59,"column":7}},"23":{"start":{"line":56,"column":8},"end":{"line":56,"column":42}},"24":{"start":{"line":57,"column":8},"end":{"line":57,"column":32}},"25":{"start":{"line":58,"column":8},"end":{"line":58,"column":22}},"26":{"start":{"line":61,"column":6},"end":{"line":61,"column":27}},"27":{"start":{"line":62,"column":6},"end":{"line":62,"column":35}},"28":{"start":{"line":66,"column":27},"end":{"line":87,"column":3}},"29":{"start":{"line":67,"column":4},"end":{"line":70,"column":5}},"30":{"start":{"line":68,"column":6},"end":{"line":68,"column":58}},"31":{"start":{"line":69,"column":6},"end":{"line":69,"column":13}},"32":{"start":{"line":72,"column":4},"end":{"line":86,"column":5}},"33":{"start":{"line":73,"column":18},"end":{"line":77,"column":8}},"34":{"start":{"line":79,"column":6},"end":{"line":82,"column":7}},"35":{"start":{"line":80,"column":8},"end":{"line":80,"column":21}},"36":{"start":{"line":81,"column":8},"end":{"line":81,"column":22}},"37":{"start":{"line":84,"column":6},"end":{"line":84,"column":27}},"38":{"start":{"line":85,"column":6},"end":{"line":85,"column":37}},"39":{"start":{"line":89,"column":23},"end":{"line":103,"column":3}},"40":{"start":{"line":90,"column":4},"end":{"line":102,"column":5}},"41":{"start":{"line":91,"column":18},"end":{"line":95,"column":8}},"42":{"start":{"line":97,"column":6},"end":{"line":99,"column":7}},"43":{"start":{"line":98,"column":8},"end":{"line":98,"column":34}},"44":{"start":{"line":101,"column":6},"end":{"line":101,"column":55}},"45":{"start":{"line":105,"column":21},"end":{"line":119,"column":3}},"46":{"start":{"line":106,"column":4},"end":{"line":118,"column":5}},"47":{"start":{"line":107,"column":18},"end":{"line":111,"column":8}},"48":{"start":{"line":113,"column":6},"end":{"line":115,"column":7}},"49":{"start":{"line":114,"column":8},"end":{"line":114,"column":37}},"50":{"start":{"line":117,"column":6},"end":{"line":117,"column":53}},"51":{"start":{"line":121,"column":2},"end":{"line":126,"column":20}},"52":{"start":{"line":122,"column":4},"end":{"line":122,"column":29}},"53":{"start":{"line":122,"column":22},"end":{"line":122,"column":29}},"54":{"start":{"line":124,"column":4},"end":{"line":124,"column":19}},"55":{"start":{"line":125,"column":4},"end":{"line":125,"column":17}},"56":{"start":{"line":128,"column":2},"end":{"line":132,"column":36}},"57":{"start":{"line":129,"column":4},"end":{"line":129,"column":53}},"58":{"start":{"line":129,"column":46},"end":{"line":129,"column":53}},"59":{"start":{"line":131,"column":4},"end":{"line":131,"column":17}},"60":{"start":{"line":133,"column":26},"end":{"line":133,"column":38}},"61":{"start":{"line":134,"column":30},"end":{"line":134,"column":42}},"62":{"start":{"line":136,"column":2},"end":{"line":170,"column":21}},"63":{"start":{"line":138,"column":4},"end":{"line":138,"column":33}},"64":{"start":{"line":138,"column":26},"end":{"line":138,"column":33}},"65":{"start":{"line":140,"column":31},"end":{"line":164,"column":5}},"66":{"start":{"line":142,"column":6},"end":{"line":150,"column":7}},"67":{"start":{"line":148,"column":8},"end":{"line":148,"column":22}},"68":{"start":{"line":152,"column":6},"end":{"line":162,"column":7}},"69":{"start":{"line":160,"column":8},"end":{"line":160,"column":26}},"70":{"start":{"line":166,"column":4},"end":{"line":166,"column":63}},"71":{"start":{"line":168,"column":4},"end":{"line":168,"column":79}},"72":{"start":{"line":168,"column":17},"end":{"line":168,"column":78}},"73":{"start":{"line":172,"column":23},"end":{"line":172,"column":35}},"74":{"start":{"line":174,"column":28},"end":{"line":176,"column":3}},"75":{"start":{"line":175,"column":4},"end":{"line":175,"column":34}},"76":{"start":{"line":178,"column":29},"end":{"line":198,"column":3}},"77":{"start":{"line":179,"column":17},"end":{"line":179,"column":40}},"78":{"start":{"line":180,"column":4},"end":{"line":180,"column":22}},"79":{"start":{"line":180,"column":15},"end":{"line":180,"column":22}},"80":{"start":{"line":182,"column":4},"end":{"line":186,"column":5}},"81":{"start":{"line":183,"column":6},"end":{"line":183,"column":48}},"82":{"start":{"line":184,"column":6},"end":{"line":184,"column":30}},"83":{"start":{"line":185,"column":6},"end":{"line":185,"column":13}},"84":{"start":{"line":188,"column":19},"end":{"line":188,"column":35}},"85":{"start":{"line":189,"column":4},"end":{"line":191,"column":6}},"86":{"start":{"line":190,"column":6},"end":{"line":190,"column":45}},"87":{"start":{"line":192,"column":4},"end":{"line":194,"column":6}},"88":{"start":{"line":193,"column":6},"end":{"line":193,"column":36}},"89":{"start":{"line":195,"column":4},"end":{"line":195,"column":28}},"90":{"start":{"line":197,"column":4},"end":{"line":197,"column":28}},"91":{"start":{"line":200,"column":2},"end":{"line":335,"column":4}}},"fnMap":{"0":{"name":"(anonymous_0)","decl":{"start":{"line":8,"column":16},"end":{"line":8,"column":17}},"loc":{"start":{"line":18,"column":6},"end":{"line":336,"column":1}},"line":18},"1":{"name":"(anonymous_1)","decl":{"start":{"line":27,"column":21},"end":{"line":27,"column":22}},"loc":{"start":{"line":27,"column":27},"end":{"line":29,"column":3}},"line":27},"2":{"name":"(anonymous_2)","decl":{"start":{"line":31,"column":22},"end":{"line":31,"column":23}},"loc":{"start":{"line":31,"column":28},"end":{"line":33,"column":3}},"line":31},"3":{"name":"(anonymous_3)","decl":{"start":{"line":35,"column":17},"end":{"line":35,"column":18}},"loc":{"start":{"line":35,"column":23},"end":{"line":39,"column":3}},"line":35},"4":{"name":"(anonymous_4)","decl":{"start":{"line":41,"column":20},"end":{"line":41,"column":21}},"loc":{"start":{"line":41,"column":26},"end":{"line":45,"column":3}},"line":41},"5":{"name":"(anonymous_5)","decl":{"start":{"line":47,"column":25},"end":{"line":47,"column":26}},"loc":{"start":{"line":47,"column":39},"end":{"line":64,"column":3}},"line":47},"6":{"name":"(anonymous_6)","decl":{"start":{"line":66,"column":27},"end":{"line":66,"column":28}},"loc":{"start":{"line":66,"column":41},"end":{"line":87,"column":3}},"line":66},"7":{"name":"(anonymous_7)","decl":{"start":{"line":89,"column":23},"end":{"line":89,"column":24}},"loc":{"start":{"line":89,"column":35},"end":{"line":103,"column":3}},"line":89},"8":{"name":"(anonymous_8)","decl":{"start":{"line":105,"column":21},"end":{"line":105,"column":22}},"loc":{"start":{"line":105,"column":33},"end":{"line":119,"column":3}},"line":105},"9":{"name":"(anonymous_9)","decl":{"start":{"line":121,"column":12},"end":{"line":121,"column":13}},"loc":{"start":{"line":121,"column":18},"end":{"line":126,"column":3}},"line":121},"10":{"name":"(anonymous_10)","decl":{"start":{"line":128,"column":12},"end":{"line":128,"column":13}},"loc":{"start":{"line":128,"column":18},"end":{"line":132,"column":3}},"line":128},"11":{"name":"(anonymous_11)","decl":{"start":{"line":136,"column":12},"end":{"line":136,"column":13}},"loc":{"start":{"line":136,"column":18},"end":{"line":170,"column":3}},"line":136},"12":{"name":"(anonymous_12)","decl":{"start":{"line":140,"column":31},"end":{"line":140,"column":32}},"loc":{"start":{"line":140,"column":42},"end":{"line":164,"column":5}},"line":140},"13":{"name":"(anonymous_13)","decl":{"start":{"line":168,"column":11},"end":{"line":168,"column":12}},"loc":{"start":{"line":168,"column":17},"end":{"line":168,"column":78}},"line":168},"14":{"name":"(anonymous_14)","decl":{"start":{"line":174,"column":28},"end":{"line":174,"column":29}},"loc":{"start":{"line":174,"column":34},"end":{"line":176,"column":3}},"line":174},"15":{"name":"(anonymous_15)","decl":{"start":{"line":178,"column":29},"end":{"line":178,"column":30}},"loc":{"start":{"line":178,"column":40},"end":{"line":198,"column":3}},"line":178},"16":{"name":"(anonymous_16)","decl":{"start":{"line":189,"column":20},"end":{"line":189,"column":21}},"loc":{"start":{"line":189,"column":27},"end":{"line":191,"column":5}},"line":189},"17":{"name":"(anonymous_17)","decl":{"start":{"line":192,"column":21},"end":{"line":192,"column":22}},"loc":{"start":{"line":192,"column":27},"end":{"line":194,"column":5}},"line":192}},"branchMap":{"0":{"loc":{"start":{"line":17,"column":2},"end":{"line":17,"column":19}},"type":"default-arg","locations":[{"start":{"line":17,"column":14},"end":{"line":17,"column":19}}],"line":17},"1":{"loc":{"start":{"line":55,"column":6},"end":{"line":59,"column":7}},"type":"if","locations":[{"start":{"line":55,"column":6},"end":{"line":59,"column":7}},{"start":{},"end":{}}],"line":55},"2":{"loc":{"start":{"line":67,"column":4},"end":{"line":70,"column":5}},"type":"if","locations":[{"start":{"line":67,"column":4},"end":{"line":70,"column":5}},{"start":{},"end":{}}],"line":67},"3":{"loc":{"start":{"line":79,"column":6},"end":{"line":82,"column":7}},"type":"if","locations":[{"start":{"line":79,"column":6},"end":{"line":82,"column":7}},{"start":{},"end":{}}],"line":79},"4":{"loc":{"start":{"line":97,"column":6},"end":{"line":99,"column":7}},"type":"if","locations":[{"start":{"line":97,"column":6},"end":{"line":99,"column":7}},{"start":{},"end":{}}],"line":97},"5":{"loc":{"start":{"line":113,"column":6},"end":{"line":115,"column":7}},"type":"if","locations":[{"start":{"line":113,"column":6},"end":{"line":115,"column":7}},{"start":{},"end":{}}],"line":113},"6":{"loc":{"start":{"line":122,"column":4},"end":{"line":122,"column":29}},"type":"if","locations":[{"start":{"line":122,"column":4},"end":{"line":122,"column":29}},{"start":{},"end":{}}],"line":122},"7":{"loc":{"start":{"line":129,"column":4},"end":{"line":129,"column":53}},"type":"if","locations":[{"start":{"line":129,"column":4},"end":{"line":129,"column":53}},{"start":{},"end":{}}],"line":129},"8":{"loc":{"start":{"line":129,"column":8},"end":{"line":129,"column":44}},"type":"binary-expr","locations":[{"start":{"line":129,"column":8},"end":{"line":129,"column":20}},{"start":{"line":129,"column":24},"end":{"line":129,"column":44}}],"line":129},"9":{"loc":{"start":{"line":138,"column":4},"end":{"line":138,"column":33}},"type":"if","locations":[{"start":{"line":138,"column":4},"end":{"line":138,"column":33}},{"start":{},"end":{}}],"line":138},"10":{"loc":{"start":{"line":138,"column":8},"end":{"line":138,"column":24}},"type":"binary-expr","locations":[{"start":{"line":138,"column":8},"end":{"line":138,"column":12}},{"start":{"line":138,"column":16},"end":{"line":138,"column":24}}],"line":138},"11":{"loc":{"start":{"line":142,"column":6},"end":{"line":150,"column":7}},"type":"if","locations":[{"start":{"line":142,"column":6},"end":{"line":150,"column":7}},{"start":{},"end":{}}],"line":142},"12":{"loc":{"start":{"line":143,"column":8},"end":{"line":144,"column":55}},"type":"binary-expr","locations":[{"start":{"line":143,"column":8},"end":{"line":143,"column":31}},{"start":{"line":144,"column":8},"end":{"line":144,"column":55}}],"line":143},"13":{"loc":{"start":{"line":152,"column":6},"end":{"line":162,"column":7}},"type":"if","locations":[{"start":{"line":152,"column":6},"end":{"line":162,"column":7}},{"start":{},"end":{}}],"line":152},"14":{"loc":{"start":{"line":154,"column":8},"end":{"line":156,"column":59}},"type":"binary-expr","locations":[{"start":{"line":154,"column":8},"end":{"line":154,"column":35}},{"start":{"line":156,"column":8},"end":{"line":156,"column":59}}],"line":154},"15":{"loc":{"start":{"line":180,"column":4},"end":{"line":180,"column":22}},"type":"if","locations":[{"start":{"line":180,"column":4},"end":{"line":180,"column":22}},{"start":{},"end":{}}],"line":180},"16":{"loc":{"start":{"line":182,"column":4},"end":{"line":186,"column":5}},"type":"if","locations":[{"start":{"line":182,"column":4},"end":{"line":186,"column":5}},{"start":{},"end":{}}],"line":182},"17":{"loc":{"start":{"line":207,"column":9},"end":{"line":214,"column":9}},"type":"binary-expr","locations":[{"start":{"line":207,"column":9},"end":{"line":207,"column":18}},{"start":{"line":208,"column":10},"end":{"line":213,"column":19}}],"line":207},"18":{"loc":{"start":{"line":225,"column":9},"end":{"line":245,"column":9}},"type":"binary-expr","locations":[{"start":{"line":225,"column":9},"end":{"line":225,"column":19}},{"start":{"line":226,"column":10},"end":{"line":244,"column":16}}],"line":225},"19":{"loc":{"start":{"line":234,"column":13},"end":{"line":243,"column":13}},"type":"binary-expr","locations":[{"start":{"line":234,"column":13},"end":{"line":234,"column":16}},{"start":{"line":235,"column":14},"end":{"line":242,"column":20}}],"line":234},"20":{"loc":{"start":{"line":248,"column":9},"end":{"line":255,"column":9}},"type":"binary-expr","locations":[{"start":{"line":248,"column":9},"end":{"line":248,"column":19}},{"start":{"line":249,"column":10},"end":{"line":254,"column":19}}],"line":248},"21":{"loc":{"start":{"line":258,"column":9},"end":{"line":265,"column":9}},"type":"binary-expr","locations":[{"start":{"line":258,"column":9},"end":{"line":258,"column":19}},{"start":{"line":259,"column":10},"end":{"line":264,"column":19}}],"line":258},"22":{"loc":{"start":{"line":267,"column":9},"end":{"line":284,"column":9}},"type":"binary-expr","locations":[{"start":{"line":267,"column":9},"end":{"line":267,"column":19}},{"start":{"line":268,"column":10},"end":{"line":283,"column":13}}],"line":267},"23":{"loc":{"start":{"line":300,"column":11},"end":{"line":307,"column":11}},"type":"binary-expr","locations":[{"start":{"line":300,"column":11},"end":{"line":300,"column":18}},{"start":{"line":301,"column":12},"end":{"line":306,"column":18}}],"line":300},"24":{"loc":{"start":{"line":315,"column":75},"end":{"line":315,"column":129}},"type":"cond-expr","locations":[{"start":{"line":315,"column":87},"end":{"line":315,"column":103}},{"start":{"line":315,"column":106},"end":{"line":315,"column":129}}],"line":315},"25":{"loc":{"start":{"line":320,"column":13},"end":{"line":320,"column":62}},"type":"binary-expr","locations":[{"start":{"line":320,"column":13},"end":{"line":320,"column":55}},{"start":{"line":320,"column":59},"end":{"line":320,"column":62}}],"line":320},"26":{"loc":{"start":{"line":325,"column":15},"end":{"line":325,"column":48}},"type":"binary-expr","locations":[{"start":{"line":325,"column":15},"end":{"line":325,"column":32}},{"start":{"line":325,"column":36},"end":{"line":325,"column":48}}],"line":325},"27":{"loc":{"start":{"line":329,"column":15},"end":{"line":329,"column":35}},"type":"binary-expr","locations":[{"start":{"line":329,"column":15},"end":{"line":329,"column":29}},{"start":{"line":329,"column":33},"end":{"line":329,"column":35}}],"line":329}},"s":{"0":2,"1":19,"2":19,"3":19,"4":19,"5":19,"6":19,"7":19,"8":1,"9":19,"10":1,"11":19,"12":1,"13":1,"14":1,"15":19,"16":0,"17":0,"18":0,"19":19,"20":0,"21":0,"22":0,"23":0,"24":0,"25":0,"26":0,"27":0,"28":19,"29":0,"30":0,"31":0,"32":0,"33":0,"34":0,"35":0,"36":0,"37":0,"38":0,"39":19,"40":9,"41":9,"42":9,"43":9,"44":0,"45":19,"46":9,"47":9,"48":9,"49":9,"50":0,"51":19,"52":9,"53":0,"54":9,"55":9,"56":19,"57":9,"58":9,"59":0,"60":19,"61":19,"62":19,"63":11,"64":9,"65":2,"66":0,"67":0,"68":0,"69":0,"70":2,"71":2,"72":2,"73":19,"74":19,"75":0,"76":19,"77":0,"78":0,"79":0,"80":0,"81":0,"82":0,"83":0,"84":0,"85":0,"86":0,"87":0,"88":0,"89":0,"90":0,"91":19},"f":{"0":19,"1":1,"2":1,"3":1,"4":0,"5":0,"6":0,"7":9,"8":9,"9":9,"10":9,"11":11,"12":0,"13":2,"14":0,"15":0,"16":0,"17":0},"b":{"0":[15],"1":[0,0],"2":[0,0],"3":[0,0],"4":[9,0],"5":[9,0],"6":[0,9],"7":[9,0],"8":[9,9],"9":[9,2],"10":[11,10],"11":[0,0],"12":[0,0],"13":[0,0],"14":[0,0],"15":[0,0],"16":[0,0],"17":[19,4],"18":[19,15],"19":[15,1],"20":[19,15],"21":[19,15],"22":[19,15],"23":[19,1],"24":[4,15],"25":[19,9],"26":[19,9],"27":[19,9]},"_coverageSchema":"1a1c01bbd47fc00a2c39e90264f33305004495a9","hash":"ac3ef31b78c6c2a2d2f2b59e82f7d80cbb1ccafa"}
,"D:\\10Pearls\\10PearlsRepo\\cohort-9-mern-7723-hassan\\frontend\\src\\pages\\Login.jsx": {"path":"D:\\10Pearls\\10PearlsRepo\\cohort-9-mern-7723-hassan\\frontend\\src\\pages\\Login.jsx","statementMap":{"0":{"start":{"line":9,"column":19},"end":{"line":9,"column":32}},"1":{"start":{"line":10,"column":26},"end":{"line":10,"column":63}},"2":{"start":{"line":11,"column":30},"end":{"line":11,"column":42}},"3":{"start":{"line":12,"column":40},"end":{"line":12,"column":52}},"4":{"start":{"line":13,"column":38},"end":{"line":13,"column":53}},"5":{"start":{"line":15,"column":23},"end":{"line":20,"column":3}},"6":{"start":{"line":16,"column":28},"end":{"line":16,"column":36}},"7":{"start":{"line":17,"column":4},"end":{"line":17,"column":45}},"8":{"start":{"line":17,"column":20},"end":{"line":17,"column":43}},"9":{"start":{"line":18,"column":4},"end":{"line":18,"column":64}},"10":{"start":{"line":18,"column":22},"end":{"line":18,"column":64}},"11":{"start":{"line":18,"column":41},"end":{"line":18,"column":62}},"12":{"start":{"line":19,"column":4},"end":{"line":19,"column":39}},"13":{"start":{"line":19,"column":21},"end":{"line":19,"column":39}},"14":{"start":{"line":22,"column":19},"end":{"line":29,"column":3}},"15":{"start":{"line":23,"column":17},"end":{"line":26,"column":5}},"16":{"start":{"line":27,"column":4},"end":{"line":27,"column":19}},"17":{"start":{"line":28,"column":4},"end":{"line":28,"column":40}},"18":{"start":{"line":31,"column":23},"end":{"line":49,"column":3}},"19":{"start":{"line":32,"column":4},"end":{"line":32,"column":22}},"20":{"start":{"line":33,"column":4},"end":{"line":33,"column":27}},"21":{"start":{"line":33,"column":21},"end":{"line":33,"column":27}},"22":{"start":{"line":35,"column":4},"end":{"line":35,"column":23}},"23":{"start":{"line":36,"column":4},"end":{"line":36,"column":22}},"24":{"start":{"line":37,"column":4},"end":{"line":48,"column":5}},"25":{"start":{"line":38,"column":18},"end":{"line":38,"column":39}},"26":{"start":{"line":39,"column":6},"end":{"line":44,"column":7}},"27":{"start":{"line":40,"column":8},"end":{"line":40,"column":60}},"28":{"start":{"line":41,"column":8},"end":{"line":41,"column":56}},"29":{"start":{"line":41,"column":25},"end":{"line":41,"column":48}},"30":{"start":{"line":43,"column":8},"end":{"line":43,"column":83}},"31":{"start":{"line":45,"column":19},"end":{"line":45,"column":104}},"32":{"start":{"line":47,"column":6},"end":{"line":47,"column":26}},"33":{"start":{"line":51,"column":2},"end":{"line":120,"column":3}}},"fnMap":{"0":{"name":"Login","decl":{"start":{"line":8,"column":24},"end":{"line":8,"column":29}},"loc":{"start":{"line":8,"column":32},"end":{"line":121,"column":1}},"line":8},"1":{"name":"(anonymous_1)","decl":{"start":{"line":15,"column":23},"end":{"line":15,"column":24}},"loc":{"start":{"line":15,"column":30},"end":{"line":20,"column":3}},"line":15},"2":{"name":"(anonymous_2)","decl":{"start":{"line":17,"column":12},"end":{"line":17,"column":13}},"loc":{"start":{"line":17,"column":20},"end":{"line":17,"column":43}},"line":17},"3":{"name":"(anonymous_3)","decl":{"start":{"line":18,"column":32},"end":{"line":18,"column":33}},"loc":{"start":{"line":18,"column":41},"end":{"line":18,"column":62}},"line":18},"4":{"name":"(anonymous_4)","decl":{"start":{"line":22,"column":19},"end":{"line":22,"column":20}},"loc":{"start":{"line":22,"column":25},"end":{"line":29,"column":3}},"line":22},"5":{"name":"(anonymous_5)","decl":{"start":{"line":31,"column":23},"end":{"line":31,"column":24}},"loc":{"start":{"line":31,"column":36},"end":{"line":49,"column":3}},"line":31},"6":{"name":"(anonymous_6)","decl":{"start":{"line":41,"column":19},"end":{"line":41,"column":20}},"loc":{"start":{"line":41,"column":25},"end":{"line":41,"column":48}},"line":41}},"branchMap":{"0":{"loc":{"start":{"line":18,"column":4},"end":{"line":18,"column":64}},"type":"if","locations":[{"start":{"line":18,"column":4},"end":{"line":18,"column":64}},{"start":{},"end":{}}],"line":18},"1":{"loc":{"start":{"line":19,"column":4},"end":{"line":19,"column":39}},"type":"if","locations":[{"start":{"line":19,"column":4},"end":{"line":19,"column":39}},{"start":{},"end":{}}],"line":19},"2":{"loc":{"start":{"line":28,"column":11},"end":{"line":28,"column":40}},"type":"binary-expr","locations":[{"start":{"line":28,"column":11},"end":{"line":28,"column":22}},{"start":{"line":28,"column":26},"end":{"line":28,"column":40}}],"line":28},"3":{"loc":{"start":{"line":33,"column":4},"end":{"line":33,"column":27}},"type":"if","locations":[{"start":{"line":33,"column":4},"end":{"line":33,"column":27}},{"start":{},"end":{}}],"line":33},"4":{"loc":{"start":{"line":39,"column":6},"end":{"line":44,"column":7}},"type":"if","locations":[{"start":{"line":39,"column":6},"end":{"line":44,"column":7}},{"start":{"line":42,"column":13},"end":{"line":44,"column":7}}],"line":39},"5":{"loc":{"start":{"line":43,"column":23},"end":{"line":43,"column":81}},"type":"binary-expr","locations":[{"start":{"line":43,"column":23},"end":{"line":43,"column":39}},{"start":{"line":43,"column":43},"end":{"line":43,"column":81}}],"line":43},"6":{"loc":{"start":{"line":45,"column":34},"end":{"line":45,"column":103}},"type":"binary-expr","locations":[{"start":{"line":45,"column":34},"end":{"line":45,"column":61}},{"start":{"line":45,"column":65},"end":{"line":45,"column":103}}],"line":45},"7":{"loc":{"start":{"line":66,"column":9},"end":{"line":70,"column":16}},"type":"cond-expr","locations":[{"start":{"line":67,"column":10},"end":{"line":69,"column":16}},{"start":{"line":70,"column":12},"end":{"line":70,"column":16}}],"line":66},"8":{"loc":{"start":{"line":84,"column":30},"end":{"line":84,"column":70}},"type":"cond-expr","locations":[{"start":{"line":84,"column":45},"end":{"line":84,"column":58}},{"start":{"line":84,"column":61},"end":{"line":84,"column":70}}],"line":84},"9":{"loc":{"start":{"line":86,"column":196},"end":{"line":86,"column":243}},"type":"cond-expr","locations":[{"start":{"line":86,"column":211},"end":{"line":86,"column":227}},{"start":{"line":86,"column":230},"end":{"line":86,"column":243}}],"line":86},"10":{"loc":{"start":{"line":89,"column":11},"end":{"line":93,"column":18}},"type":"cond-expr","locations":[{"start":{"line":90,"column":12},"end":{"line":92,"column":16}},{"start":{"line":93,"column":14},"end":{"line":93,"column":18}}],"line":89},"11":{"loc":{"start":{"line":116,"column":11},"end":{"line":116,"column":49}},"type":"cond-expr","locations":[{"start":{"line":116,"column":24},"end":{"line":116,"column":37}},{"start":{"line":116,"column":40},"end":{"line":116,"column":49}}],"line":116}},"s":{"0":61,"1":61,"2":61,"3":61,"4":61,"5":61,"6":54,"7":54,"8":54,"9":54,"10":0,"11":0,"12":54,"13":0,"14":61,"15":2,"16":2,"17":2,"18":61,"19":2,"20":2,"21":0,"22":2,"23":2,"24":2,"25":2,"26":1,"27":1,"28":1,"29":0,"30":0,"31":1,"32":2,"33":61},"f":{"0":61,"1":54,"2":54,"3":0,"4":2,"5":2,"6":0},"b":{"0":[0,54],"1":[0,54],"2":[2,2],"3":[0,2],"4":[1,0],"5":[0,0],"6":[1,0],"7":[1,60],"8":[0,61],"9":[0,61],"10":[0,61],"11":[2,59]},"_coverageSchema":"1a1c01bbd47fc00a2c39e90264f33305004495a9","hash":"ec88123b87025b9868c39f1f7731b96a52b5cf23"}
,"D:\\10Pearls\\10PearlsRepo\\cohort-9-mern-7723-hassan\\frontend\\src\\pages\\Profile.jsx": {"path":"D:\\10Pearls\\10PearlsRepo\\cohort-9-mern-7723-hassan\\frontend\\src\\pages\\Profile.jsx","statementMap":{"0":{"start":{"line":8,"column":16},"end":{"line":234,"column":1}},"1":{"start":{"line":9,"column":32},"end":{"line":9,"column":46}},"2":{"start":{"line":10,"column":34},"end":{"line":10,"column":48}},"3":{"start":{"line":11,"column":38},"end":{"line":11,"column":50}},"4":{"start":{"line":12,"column":21},"end":{"line":12,"column":34}},"5":{"start":{"line":14,"column":24},"end":{"line":14,"column":59}},"6":{"start":{"line":16,"column":26},"end":{"line":16,"column":50}},"7":{"start":{"line":16,"column":32},"end":{"line":16,"column":50}},"8":{"start":{"line":18,"column":25},"end":{"line":32,"column":5}},"9":{"start":{"line":19,"column":8},"end":{"line":31,"column":9}},"10":{"start":{"line":20,"column":24},"end":{"line":24,"column":14}},"11":{"start":{"line":26,"column":12},"end":{"line":28,"column":13}},"12":{"start":{"line":27,"column":16},"end":{"line":27,"column":42}},"13":{"start":{"line":30,"column":12},"end":{"line":30,"column":61}},"14":{"start":{"line":34,"column":23},"end":{"line":48,"column":5}},"15":{"start":{"line":35,"column":8},"end":{"line":47,"column":9}},"16":{"start":{"line":36,"column":24},"end":{"line":40,"column":14}},"17":{"start":{"line":42,"column":12},"end":{"line":44,"column":13}},"18":{"start":{"line":43,"column":16},"end":{"line":43,"column":51}},"19":{"start":{"line":46,"column":12},"end":{"line":46,"column":59}},"20":{"start":{"line":50,"column":4},"end":{"line":55,"column":22}},"21":{"start":{"line":51,"column":8},"end":{"line":51,"column":33}},"22":{"start":{"line":51,"column":26},"end":{"line":51,"column":33}},"23":{"start":{"line":53,"column":8},"end":{"line":53,"column":23}},"24":{"start":{"line":54,"column":8},"end":{"line":54,"column":21}},"25":{"start":{"line":57,"column":22},"end":{"line":60,"column":5}},"26":{"start":{"line":62,"column":23},"end":{"line":64,"column":5}},"27":{"start":{"line":66,"column":23},"end":{"line":68,"column":5}},"28":{"start":{"line":70,"column":25},"end":{"line":72,"column":5}},"29":{"start":{"line":74,"column":21},"end":{"line":74,"column":54}},"30":{"start":{"line":75,"column":18},"end":{"line":75,"column":38}},"31":{"start":{"line":76,"column":20},"end":{"line":76,"column":69}},"32":{"start":{"line":78,"column":4},"end":{"line":233,"column":6}},"33":{"start":{"line":112,"column":33},"end":{"line":112,"column":55}},"34":{"start":{"line":185,"column":40},"end":{"line":194,"column":46}}},"fnMap":{"0":{"name":"(anonymous_0)","decl":{"start":{"line":8,"column":16},"end":{"line":8,"column":17}},"loc":{"start":{"line":8,"column":22},"end":{"line":234,"column":1}},"line":8},"1":{"name":"(anonymous_1)","decl":{"start":{"line":16,"column":26},"end":{"line":16,"column":27}},"loc":{"start":{"line":16,"column":32},"end":{"line":16,"column":50}},"line":16},"2":{"name":"(anonymous_2)","decl":{"start":{"line":18,"column":25},"end":{"line":18,"column":26}},"loc":{"start":{"line":18,"column":37},"end":{"line":32,"column":5}},"line":18},"3":{"name":"(anonymous_3)","decl":{"start":{"line":34,"column":23},"end":{"line":34,"column":24}},"loc":{"start":{"line":34,"column":35},"end":{"line":48,"column":5}},"line":34},"4":{"name":"(anonymous_4)","decl":{"start":{"line":50,"column":14},"end":{"line":50,"column":15}},"loc":{"start":{"line":50,"column":20},"end":{"line":55,"column":5}},"line":50},"5":{"name":"(anonymous_5)","decl":{"start":{"line":57,"column":22},"end":{"line":57,"column":23}},"loc":{"start":{"line":57,"column":28},"end":{"line":60,"column":5}},"line":57},"6":{"name":"(anonymous_6)","decl":{"start":{"line":62,"column":23},"end":{"line":62,"column":24}},"loc":{"start":{"line":62,"column":29},"end":{"line":64,"column":5}},"line":62},"7":{"name":"(anonymous_7)","decl":{"start":{"line":66,"column":23},"end":{"line":66,"column":24}},"loc":{"start":{"line":66,"column":29},"end":{"line":68,"column":5}},"line":66},"8":{"name":"(anonymous_8)","decl":{"start":{"line":70,"column":25},"end":{"line":70,"column":26}},"loc":{"start":{"line":70,"column":31},"end":{"line":72,"column":5}},"line":70},"9":{"name":"(anonymous_9)","decl":{"start":{"line":112,"column":27},"end":{"line":112,"column":28}},"loc":{"start":{"line":112,"column":33},"end":{"line":112,"column":55}},"line":112},"10":{"name":"(anonymous_10)","decl":{"start":{"line":113,"column":28},"end":{"line":113,"column":29}},"loc":{"start":{"line":113,"column":34},"end":{"line":113,"column":37}},"line":113},"11":{"name":"(anonymous_11)","decl":{"start":{"line":114,"column":28},"end":{"line":114,"column":29}},"loc":{"start":{"line":114,"column":34},"end":{"line":114,"column":37}},"line":114},"12":{"name":"(anonymous_12)","decl":{"start":{"line":115,"column":30},"end":{"line":115,"column":31}},"loc":{"start":{"line":115,"column":36},"end":{"line":115,"column":39}},"line":115},"13":{"name":"(anonymous_13)","decl":{"start":{"line":116,"column":32},"end":{"line":116,"column":33}},"loc":{"start":{"line":116,"column":38},"end":{"line":116,"column":41}},"line":116},"14":{"name":"(anonymous_14)","decl":{"start":{"line":184,"column":51},"end":{"line":184,"column":52}},"loc":{"start":{"line":185,"column":40},"end":{"line":194,"column":46}},"line":185}},"branchMap":{"0":{"loc":{"start":{"line":26,"column":12},"end":{"line":28,"column":13}},"type":"if","locations":[{"start":{"line":26,"column":12},"end":{"line":28,"column":13}},{"start":{},"end":{}}],"line":26},"1":{"loc":{"start":{"line":42,"column":12},"end":{"line":44,"column":13}},"type":"if","locations":[{"start":{"line":42,"column":12},"end":{"line":44,"column":13}},{"start":{},"end":{}}],"line":42},"2":{"loc":{"start":{"line":43,"column":29},"end":{"line":43,"column":49}},"type":"binary-expr","locations":[{"start":{"line":43,"column":29},"end":{"line":43,"column":43}},{"start":{"line":43,"column":47},"end":{"line":43,"column":49}}],"line":43},"3":{"loc":{"start":{"line":51,"column":8},"end":{"line":51,"column":33}},"type":"if","locations":[{"start":{"line":51,"column":8},"end":{"line":51,"column":33}},{"start":{},"end":{}}],"line":51},"4":{"loc":{"start":{"line":74,"column":21},"end":{"line":74,"column":54}},"type":"binary-expr","locations":[{"start":{"line":74,"column":21},"end":{"line":74,"column":38}},{"start":{"line":74,"column":42},"end":{"line":74,"column":54}}],"line":74},"5":{"loc":{"start":{"line":75,"column":18},"end":{"line":75,"column":38}},"type":"binary-expr","locations":[{"start":{"line":75,"column":18},"end":{"line":75,"column":32}},{"start":{"line":75,"column":36},"end":{"line":75,"column":38}}],"line":75},"6":{"loc":{"start":{"line":76,"column":20},"end":{"line":76,"column":69}},"type":"binary-expr","locations":[{"start":{"line":76,"column":20},"end":{"line":76,"column":62}},{"start":{"line":76,"column":66},"end":{"line":76,"column":69}}],"line":76},"7":{"loc":{"start":{"line":89,"column":13},"end":{"line":94,"column":13}},"type":"binary-expr","locations":[{"start":{"line":89,"column":13},"end":{"line":89,"column":19}},{"start":{"line":90,"column":16},"end":{"line":93,"column":18}}],"line":89},"8":{"loc":{"start":{"line":108,"column":12},"end":{"line":108,"column":58}},"type":"cond-expr","locations":[{"start":{"line":108,"column":21},"end":{"line":108,"column":36}},{"start":{"line":108,"column":39},"end":{"line":108,"column":58}}],"line":108},"9":{"loc":{"start":{"line":129,"column":12},"end":{"line":129,"column":43}},"type":"cond-expr","locations":[{"start":{"line":129,"column":21},"end":{"line":129,"column":31}},{"start":{"line":129,"column":34},"end":{"line":129,"column":43}}],"line":129},"10":{"loc":{"start":{"line":182,"column":29},"end":{"line":203,"column":29}},"type":"cond-expr","locations":[{"start":{"line":183,"column":32},"end":{"line":196,"column":38}},{"start":{"line":198,"column":32},"end":{"line":202,"column":38}}],"line":182}},"s":{"0":1,"1":4,"2":4,"3":4,"4":4,"5":4,"6":4,"7":0,"8":4,"9":2,"10":2,"11":2,"12":2,"13":0,"14":4,"15":2,"16":2,"17":2,"18":2,"19":0,"20":4,"21":2,"22":0,"23":2,"24":2,"25":4,"26":4,"27":4,"28":4,"29":4,"30":4,"31":4,"32":4,"33":1,"34":0},"f":{"0":4,"1":0,"2":2,"3":2,"4":2,"5":0,"6":0,"7":0,"8":0,"9":1,"10":0,"11":0,"12":0,"13":0,"14":0},"b":{"0":[2,0],"1":[2,0],"2":[2,0],"3":[0,2],"4":[4,2],"5":[4,2],"6":[4,2],"7":[4,4],"8":[4,0],"9":[4,0],"10":[0,4]},"_coverageSchema":"1a1c01bbd47fc00a2c39e90264f33305004495a9","hash":"727265f4dd6bf776ab04cc63875d43dded98d85e"}
,"D:\\10Pearls\\10PearlsRepo\\cohort-9-mern-7723-hassan\\frontend\\src\\pages\\Register.jsx": {"path":"D:\\10Pearls\\10PearlsRepo\\cohort-9-mern-7723-hassan\\frontend\\src\\pages\\Register.jsx","statementMap":{"0":{"start":{"line":10,"column":19},"end":{"line":10,"column":32}},"1":{"start":{"line":11,"column":26},"end":{"line":11,"column":77}},"2":{"start":{"line":12,"column":30},"end":{"line":12,"column":42}},"3":{"start":{"line":13,"column":40},"end":{"line":13,"column":52}},"4":{"start":{"line":14,"column":38},"end":{"line":14,"column":53}},"5":{"start":{"line":16,"column":23},"end":{"line":21,"column":3}},"6":{"start":{"line":17,"column":28},"end":{"line":17,"column":36}},"7":{"start":{"line":18,"column":4},"end":{"line":18,"column":45}},"8":{"start":{"line":18,"column":20},"end":{"line":18,"column":43}},"9":{"start":{"line":19,"column":4},"end":{"line":19,"column":64}},"10":{"start":{"line":19,"column":22},"end":{"line":19,"column":64}},"11":{"start":{"line":19,"column":41},"end":{"line":19,"column":62}},"12":{"start":{"line":20,"column":4},"end":{"line":20,"column":39}},"13":{"start":{"line":20,"column":21},"end":{"line":20,"column":39}},"14":{"start":{"line":23,"column":19},"end":{"line":31,"column":3}},"15":{"start":{"line":24,"column":17},"end":{"line":28,"column":5}},"16":{"start":{"line":29,"column":4},"end":{"line":29,"column":19}},"17":{"start":{"line":30,"column":4},"end":{"line":30,"column":58}},"18":{"start":{"line":33,"column":23},"end":{"line":51,"column":3}},"19":{"start":{"line":34,"column":4},"end":{"line":34,"column":22}},"20":{"start":{"line":35,"column":4},"end":{"line":35,"column":27}},"21":{"start":{"line":35,"column":21},"end":{"line":35,"column":27}},"22":{"start":{"line":37,"column":4},"end":{"line":37,"column":23}},"23":{"start":{"line":38,"column":4},"end":{"line":38,"column":22}},"24":{"start":{"line":39,"column":4},"end":{"line":50,"column":5}},"25":{"start":{"line":40,"column":17},"end":{"line":40,"column":41}},"26":{"start":{"line":41,"column":6},"end":{"line":45,"column":7}},"27":{"start":{"line":42,"column":8},"end":{"line":42,"column":52}},"28":{"start":{"line":42,"column":25},"end":{"line":42,"column":44}},"29":{"start":{"line":44,"column":8},"end":{"line":44,"column":95}},"30":{"start":{"line":47,"column":6},"end":{"line":47,"column":87}},"31":{"start":{"line":49,"column":6},"end":{"line":49,"column":26}},"32":{"start":{"line":53,"column":2},"end":{"line":143,"column":3}}},"fnMap":{"0":{"name":"Register","decl":{"start":{"line":9,"column":24},"end":{"line":9,"column":32}},"loc":{"start":{"line":9,"column":35},"end":{"line":144,"column":1}},"line":9},"1":{"name":"(anonymous_1)","decl":{"start":{"line":16,"column":23},"end":{"line":16,"column":24}},"loc":{"start":{"line":16,"column":30},"end":{"line":21,"column":3}},"line":16},"2":{"name":"(anonymous_2)","decl":{"start":{"line":18,"column":12},"end":{"line":18,"column":13}},"loc":{"start":{"line":18,"column":20},"end":{"line":18,"column":43}},"line":18},"3":{"name":"(anonymous_3)","decl":{"start":{"line":19,"column":32},"end":{"line":19,"column":33}},"loc":{"start":{"line":19,"column":41},"end":{"line":19,"column":62}},"line":19},"4":{"name":"(anonymous_4)","decl":{"start":{"line":23,"column":19},"end":{"line":23,"column":20}},"loc":{"start":{"line":23,"column":25},"end":{"line":31,"column":3}},"line":23},"5":{"name":"(anonymous_5)","decl":{"start":{"line":33,"column":23},"end":{"line":33,"column":24}},"loc":{"start":{"line":33,"column":36},"end":{"line":51,"column":3}},"line":33},"6":{"name":"(anonymous_6)","decl":{"start":{"line":42,"column":19},"end":{"line":42,"column":20}},"loc":{"start":{"line":42,"column":25},"end":{"line":42,"column":44}},"line":42}},"branchMap":{"0":{"loc":{"start":{"line":19,"column":4},"end":{"line":19,"column":64}},"type":"if","locations":[{"start":{"line":19,"column":4},"end":{"line":19,"column":64}},{"start":{},"end":{}}],"line":19},"1":{"loc":{"start":{"line":20,"column":4},"end":{"line":20,"column":39}},"type":"if","locations":[{"start":{"line":20,"column":4},"end":{"line":20,"column":39}},{"start":{},"end":{}}],"line":20},"2":{"loc":{"start":{"line":30,"column":11},"end":{"line":30,"column":58}},"type":"binary-expr","locations":[{"start":{"line":30,"column":11},"end":{"line":30,"column":25}},{"start":{"line":30,"column":29},"end":{"line":30,"column":40}},{"start":{"line":30,"column":44},"end":{"line":30,"column":58}}],"line":30},"3":{"loc":{"start":{"line":35,"column":4},"end":{"line":35,"column":27}},"type":"if","locations":[{"start":{"line":35,"column":4},"end":{"line":35,"column":27}},{"start":{},"end":{}}],"line":35},"4":{"loc":{"start":{"line":41,"column":6},"end":{"line":45,"column":7}},"type":"if","locations":[{"start":{"line":41,"column":6},"end":{"line":45,"column":7}},{"start":{"line":43,"column":13},"end":{"line":45,"column":7}}],"line":41},"5":{"loc":{"start":{"line":44,"column":23},"end":{"line":44,"column":93}},"type":"binary-expr","locations":[{"start":{"line":44,"column":23},"end":{"line":44,"column":39}},{"start":{"line":44,"column":43},"end":{"line":44,"column":93}}],"line":44},"6":{"loc":{"start":{"line":47,"column":21},"end":{"line":47,"column":86}},"type":"binary-expr","locations":[{"start":{"line":47,"column":21},"end":{"line":47,"column":32}},{"start":{"line":47,"column":36},"end":{"line":47,"column":86}}],"line":47},"7":{"loc":{"start":{"line":68,"column":9},"end":{"line":72,"column":16}},"type":"cond-expr","locations":[{"start":{"line":69,"column":10},"end":{"line":71,"column":16}},{"start":{"line":72,"column":12},"end":{"line":72,"column":16}}],"line":68},"8":{"loc":{"start":{"line":86,"column":30},"end":{"line":86,"column":76}},"type":"cond-expr","locations":[{"start":{"line":86,"column":48},"end":{"line":86,"column":64}},{"start":{"line":86,"column":67},"end":{"line":86,"column":76}}],"line":86},"9":{"loc":{"start":{"line":89,"column":14},"end":{"line":89,"column":64}},"type":"cond-expr","locations":[{"start":{"line":89,"column":32},"end":{"line":89,"column":48}},{"start":{"line":89,"column":51},"end":{"line":89,"column":64}}],"line":89},"10":{"loc":{"start":{"line":92,"column":11},"end":{"line":96,"column":18}},"type":"cond-expr","locations":[{"start":{"line":93,"column":12},"end":{"line":95,"column":16}},{"start":{"line":96,"column":14},"end":{"line":96,"column":18}}],"line":92},"11":{"loc":{"start":{"line":111,"column":30},"end":{"line":111,"column":70}},"type":"cond-expr","locations":[{"start":{"line":111,"column":45},"end":{"line":111,"column":58}},{"start":{"line":111,"column":61},"end":{"line":111,"column":70}}],"line":111},"12":{"loc":{"start":{"line":114,"column":14},"end":{"line":114,"column":61}},"type":"cond-expr","locations":[{"start":{"line":114,"column":29},"end":{"line":114,"column":45}},{"start":{"line":114,"column":48},"end":{"line":114,"column":61}}],"line":114},"13":{"loc":{"start":{"line":117,"column":11},"end":{"line":121,"column":18}},"type":"cond-expr","locations":[{"start":{"line":118,"column":12},"end":{"line":120,"column":16}},{"start":{"line":121,"column":14},"end":{"line":121,"column":18}}],"line":117},"14":{"loc":{"start":{"line":139,"column":11},"end":{"line":139,"column":62}},"type":"cond-expr","locations":[{"start":{"line":139,"column":24},"end":{"line":139,"column":43}},{"start":{"line":139,"column":46},"end":{"line":139,"column":62}}],"line":139}},"s":{"0":73,"1":73,"2":73,"3":73,"4":73,"5":73,"6":66,"7":66,"8":66,"9":66,"10":0,"11":0,"12":66,"13":0,"14":73,"15":2,"16":2,"17":2,"18":73,"19":2,"20":2,"21":0,"22":2,"23":2,"24":2,"25":2,"26":1,"27":1,"28":0,"29":0,"30":1,"31":2,"32":73},"f":{"0":73,"1":66,"2":66,"3":0,"4":2,"5":2,"6":0},"b":{"0":[0,66],"1":[0,66],"2":[2,2,2],"3":[0,2],"4":[1,0],"5":[0,0],"6":[1,0],"7":[1,72],"8":[0,73],"9":[0,73],"10":[0,73],"11":[0,73],"12":[0,73],"13":[0,73],"14":[2,71]},"_coverageSchema":"1a1c01bbd47fc00a2c39e90264f33305004495a9","hash":"57c693399a813c263ee6613e81ef6f226ed618b0"}
}
