{"D:\\10Pearls\\10PearlsRepo\\cohort-9-mern-7723-hassan\\frontend\\src\\components\\Notepad.jsx": {"path":"D:\\10Pearls\\10PearlsRepo\\cohort-9-mern-7723-hassan\\frontend\\src\\components\\Notepad.jsx","statementMap":{"0":{"start":{"line":6,"column":16},"end":{"line":263,"column":1}},"1":{"start":{"line":13,"column":20},"end":{"line":13,"column":32}},"2":{"start":{"line":14,"column":22},"end":{"line":14,"column":57}},"3":{"start":{"line":16,"column":36},"end":{"line":16,"column":62}},"4":{"start":{"line":18,"column":44},"end":{"line":22,"column":4}},"5":{"start":{"line":24,"column":2},"end":{"line":33,"column":16}},"6":{"start":{"line":25,"column":29},"end":{"line":25,"column":62}},"7":{"start":{"line":27,"column":4},"end":{"line":32,"column":5}},"8":{"start":{"line":31,"column":6},"end":{"line":31,"column":53}},"9":{"start":{"line":35,"column":2},"end":{"line":37,"column":24}},"10":{"start":{"line":36,"column":4},"end":{"line":36,"column":35}},"11":{"start":{"line":39,"column":24},"end":{"line":61,"column":3}},"12":{"start":{"line":40,"column":4},"end":{"line":60,"column":5}},"13":{"start":{"line":41,"column":6},"end":{"line":59,"column":7}},"14":{"start":{"line":43,"column":10},"end":{"line":43,"column":29}},"15":{"start":{"line":44,"column":10},"end":{"line":44,"column":39}},"16":{"start":{"line":45,"column":10},"end":{"line":45,"column":16}},"17":{"start":{"line":48,"column":10},"end":{"line":48,"column":29}},"18":{"start":{"line":49,"column":10},"end":{"line":49,"column":44}},"19":{"start":{"line":50,"column":10},"end":{"line":50,"column":16}},"20":{"start":{"line":53,"column":10},"end":{"line":53,"column":29}},"21":{"start":{"line":54,"column":10},"end":{"line":54,"column":41}},"22":{"start":{"line":55,"column":10},"end":{"line":55,"column":16}},"23":{"start":{"line":58,"column":10},"end":{"line":58,"column":16}},"24":{"start":{"line":63,"column":28},"end":{"line":73,"column":1}},"25":{"start":{"line":64,"column":2},"end":{"line":66,"column":3}},"26":{"start":{"line":65,"column":4},"end":{"line":65,"column":11}},"27":{"start":{"line":68,"column":2},"end":{"line":72,"column":5}},"28":{"start":{"line":74,"column":22},"end":{"line":87,"column":1}},"29":{"start":{"line":75,"column":2},"end":{"line":75,"column":47}},"30":{"start":{"line":75,"column":40},"end":{"line":75,"column":47}},"31":{"start":{"line":77,"column":2},"end":{"line":77,"column":28}},"32":{"start":{"line":79,"column":2},"end":{"line":86,"column":8}},"33":{"start":{"line":80,"column":4},"end":{"line":82,"column":5}},"34":{"start":{"line":81,"column":6},"end":{"line":81,"column":50}},"35":{"start":{"line":84,"column":4},"end":{"line":84,"column":44}},"36":{"start":{"line":85,"column":4},"end":{"line":85,"column":25}},"37":{"start":{"line":89,"column":21},"end":{"line":89,"column":36}},"38":{"start":{"line":91,"column":2},"end":{"line":93,"column":16}},"39":{"start":{"line":92,"column":4},"end":{"line":92,"column":33}},"40":{"start":{"line":95,"column":29},"end":{"line":95,"column":52}},"41":{"start":{"line":97,"column":2},"end":{"line":99,"column":24}},"42":{"start":{"line":98,"column":4},"end":{"line":98,"column":49}},"43":{"start":{"line":101,"column":22},"end":{"line":164,"column":3}},"44":{"start":{"line":107,"column":4},"end":{"line":163,"column":5}},"45":{"start":{"line":108,"column":23},"end":{"line":121,"column":7}},"46":{"start":{"line":123,"column":24},"end":{"line":123,"column":43}},"47":{"start":{"line":125,"column":6},"end":{"line":125,"column":35}},"48":{"start":{"line":127,"column":6},"end":{"line":137,"column":8}},"49":{"start":{"line":139,"column":6},"end":{"line":156,"column":7}},"50":{"start":{"line":143,"column":26},"end":{"line":145,"column":9}},"51":{"start":{"line":147,"column":8},"end":{"line":149,"column":9}},"52":{"start":{"line":148,"column":10},"end":{"line":148,"column":54}},"53":{"start":{"line":151,"column":24},"end":{"line":151,"column":55}},"54":{"start":{"line":153,"column":8},"end":{"line":153,"column":29}},"55":{"start":{"line":153,"column":22},"end":{"line":153,"column":29}},"56":{"start":{"line":155,"column":8},"end":{"line":155,"column":58}},"57":{"start":{"line":158,"column":6},"end":{"line":158,"column":25}},"58":{"start":{"line":160,"column":6},"end":{"line":162,"column":8}},"59":{"start":{"line":166,"column":2},"end":{"line":187,"column":20}},"60":{"start":{"line":167,"column":4},"end":{"line":167,"column":34}},"61":{"start":{"line":167,"column":27},"end":{"line":167,"column":34}},"62":{"start":{"line":169,"column":4},"end":{"line":177,"column":5}},"63":{"start":{"line":170,"column":6},"end":{"line":174,"column":8}},"64":{"start":{"line":176,"column":6},"end":{"line":176,"column":13}},"65":{"start":{"line":179,"column":17},"end":{"line":179,"column":42}},"66":{"start":{"line":181,"column":4},"end":{"line":181,"column":22}},"67":{"start":{"line":181,"column":15},"end":{"line":181,"column":22}},"68":{"start":{"line":183,"column":4},"end":{"line":186,"column":6}},"69":{"start":{"line":189,"column":22},"end":{"line":193,"column":3}},"70":{"start":{"line":190,"column":4},"end":{"line":190,"column":35}},"71":{"start":{"line":190,"column":28},"end":{"line":190,"column":35}},"72":{"start":{"line":192,"column":4},"end":{"line":192,"column":44}},"73":{"start":{"line":195,"column":2},"end":{"line":262,"column":4}},"74":{"start":{"line":201,"column":27},"end":{"line":201,"column":46}},"75":{"start":{"line":212,"column":27},"end":{"line":212,"column":48}},"76":{"start":{"line":223,"column":27},"end":{"line":223,"column":51}},"77":{"start":{"line":236,"column":27},"end":{"line":236,"column":45}}},"fnMap":{"0":{"name":"(anonymous_0)","decl":{"start":{"line":6,"column":16},"end":{"line":6,"column":17}},"loc":{"start":{"line":12,"column":6},"end":{"line":263,"column":1}},"line":12},"1":{"name":"(anonymous_1)","decl":{"start":{"line":24,"column":12},"end":{"line":24,"column":13}},"loc":{"start":{"line":24,"column":18},"end":{"line":33,"column":3}},"line":24},"2":{"name":"(anonymous_2)","decl":{"start":{"line":35,"column":12},"end":{"line":35,"column":13}},"loc":{"start":{"line":35,"column":18},"end":{"line":37,"column":3}},"line":35},"3":{"name":"(anonymous_3)","decl":{"start":{"line":39,"column":24},"end":{"line":39,"column":25}},"loc":{"start":{"line":39,"column":31},"end":{"line":61,"column":3}},"line":39},"4":{"name":"(anonymous_4)","decl":{"start":{"line":63,"column":28},"end":{"line":63,"column":29}},"loc":{"start":{"line":63,"column":34},"end":{"line":73,"column":1}},"line":63},"5":{"name":"(anonymous_5)","decl":{"start":{"line":74,"column":22},"end":{"line":74,"column":23}},"loc":{"start":{"line":74,"column":49},"end":{"line":87,"column":1}},"line":74},"6":{"name":"(anonymous_6)","decl":{"start":{"line":79,"column":13},"end":{"line":79,"column":14}},"loc":{"start":{"line":79,"column":19},"end":{"line":86,"column":3}},"line":79},"7":{"name":"(anonymous_7)","decl":{"start":{"line":91,"column":12},"end":{"line":91,"column":13}},"loc":{"start":{"line":91,"column":18},"end":{"line":93,"column":3}},"line":91},"8":{"name":"(anonymous_8)","decl":{"start":{"line":97,"column":12},"end":{"line":97,"column":13}},"loc":{"start":{"line":97,"column":18},"end":{"line":99,"column":3}},"line":97},"9":{"name":"(anonymous_9)","decl":{"start":{"line":101,"column":22},"end":{"line":101,"column":23}},"loc":{"start":{"line":106,"column":7},"end":{"line":164,"column":3}},"line":106},"10":{"name":"(anonymous_10)","decl":{"start":{"line":166,"column":12},"end":{"line":166,"column":13}},"loc":{"start":{"line":166,"column":18},"end":{"line":187,"column":3}},"line":166},"11":{"name":"(anonymous_11)","decl":{"start":{"line":189,"column":22},"end":{"line":189,"column":23}},"loc":{"start":{"line":189,"column":28},"end":{"line":193,"column":3}},"line":189},"12":{"name":"(anonymous_12)","decl":{"start":{"line":201,"column":21},"end":{"line":201,"column":22}},"loc":{"start":{"line":201,"column":27},"end":{"line":201,"column":46}},"line":201},"13":{"name":"(anonymous_13)","decl":{"start":{"line":212,"column":21},"end":{"line":212,"column":22}},"loc":{"start":{"line":212,"column":27},"end":{"line":212,"column":48}},"line":212},"14":{"name":"(anonymous_14)","decl":{"start":{"line":223,"column":21},"end":{"line":223,"column":22}},"loc":{"start":{"line":223,"column":27},"end":{"line":223,"column":51}},"line":223},"15":{"name":"(anonymous_15)","decl":{"start":{"line":236,"column":21},"end":{"line":236,"column":22}},"loc":{"start":{"line":236,"column":27},"end":{"line":236,"column":45}},"line":236}},"branchMap":{"0":{"loc":{"start":{"line":25,"column":48},"end":{"line":25,"column":61}},"type":"binary-expr","locations":[{"start":{"line":25,"column":48},"end":{"line":25,"column":55}},{"start":{"line":25,"column":59},"end":{"line":25,"column":61}}],"line":25},"1":{"loc":{"start":{"line":27,"column":4},"end":{"line":32,"column":5}},"type":"if","locations":[{"start":{"line":27,"column":4},"end":{"line":32,"column":5}},{"start":{},"end":{}}],"line":27},"2":{"loc":{"start":{"line":28,"column":6},"end":{"line":29,"column":54}},"type":"binary-expr","locations":[{"start":{"line":28,"column":6},"end":{"line":28,"column":23}},{"start":{"line":29,"column":6},"end":{"line":29,"column":54}}],"line":28},"3":{"loc":{"start":{"line":40,"column":4},"end":{"line":60,"column":5}},"type":"if","locations":[{"start":{"line":40,"column":4},"end":{"line":60,"column":5}},{"start":{},"end":{}}],"line":40},"4":{"loc":{"start":{"line":40,"column":8},"end":{"line":40,"column":30}},"type":"binary-expr","locations":[{"start":{"line":40,"column":8},"end":{"line":40,"column":17}},{"start":{"line":40,"column":21},"end":{"line":40,"column":30}}],"line":40},"5":{"loc":{"start":{"line":41,"column":6},"end":{"line":59,"column":7}},"type":"switch","locations":[{"start":{"line":42,"column":8},"end":{"line":45,"column":16}},{"start":{"line":47,"column":8},"end":{"line":50,"column":16}},{"start":{"line":52,"column":8},"end":{"line":55,"column":16}},{"start":{"line":57,"column":8},"end":{"line":58,"column":16}}],"line":41},"6":{"loc":{"start":{"line":64,"column":2},"end":{"line":66,"column":3}},"type":"if","locations":[{"start":{"line":64,"column":2},"end":{"line":66,"column":3}},{"start":{},"end":{}}],"line":64},"7":{"loc":{"start":{"line":74,"column":32},"end":{"line":74,"column":44}},"type":"default-arg","locations":[{"start":{"line":74,"column":40},"end":{"line":74,"column":44}}],"line":74},"8":{"loc":{"start":{"line":75,"column":2},"end":{"line":75,"column":47}},"type":"if","locations":[{"start":{"line":75,"column":2},"end":{"line":75,"column":47}},{"start":{},"end":{}}],"line":75},"9":{"loc":{"start":{"line":75,"column":6},"end":{"line":75,"column":38}},"type":"binary-expr","locations":[{"start":{"line":75,"column":6},"end":{"line":75,"column":16}},{"start":{"line":75,"column":20},"end":{"line":75,"column":38}}],"line":75},"10":{"loc":{"start":{"line":80,"column":4},"end":{"line":82,"column":5}},"type":"if","locations":[{"start":{"line":80,"column":4},"end":{"line":82,"column":5}},{"start":{},"end":{}}],"line":80},"11":{"loc":{"start":{"line":104,"column":4},"end":{"line":104,"column":17}},"type":"default-arg","locations":[{"start":{"line":104,"column":13},"end":{"line":104,"column":17}}],"line":104},"12":{"loc":{"start":{"line":105,"column":4},"end":{"line":105,"column":18}},"type":"default-arg","locations":[{"start":{"line":105,"column":14},"end":{"line":105,"column":18}}],"line":105},"13":{"loc":{"start":{"line":128,"column":8},"end":{"line":136,"column":13}},"type":"cond-expr","locations":[{"start":{"line":129,"column":12},"end":{"line":132,"column":13}},{"start":{"line":133,"column":12},"end":{"line":136,"column":13}}],"line":128},"14":{"loc":{"start":{"line":135,"column":20},"end":{"line":135,"column":43}},"type":"binary-expr","locations":[{"start":{"line":135,"column":20},"end":{"line":135,"column":35}},{"start":{"line":135,"column":39},"end":{"line":135,"column":43}}],"line":135},"15":{"loc":{"start":{"line":139,"column":6},"end":{"line":156,"column":7}},"type":"if","locations":[{"start":{"line":139,"column":6},"end":{"line":156,"column":7}},{"start":{},"end":{}}],"line":139},"16":{"loc":{"start":{"line":140,"column":8},"end":{"line":141,"column":42}},"type":"binary-expr","locations":[{"start":{"line":140,"column":8},"end":{"line":140,"column":36}},{"start":{"line":141,"column":8},"end":{"line":141,"column":42}}],"line":140},"17":{"loc":{"start":{"line":147,"column":8},"end":{"line":149,"column":9}},"type":"if","locations":[{"start":{"line":147,"column":8},"end":{"line":149,"column":9}},{"start":{},"end":{}}],"line":147},"18":{"loc":{"start":{"line":153,"column":8},"end":{"line":153,"column":29}},"type":"if","locations":[{"start":{"line":153,"column":8},"end":{"line":153,"column":29}},{"start":{},"end":{}}],"line":153},"19":{"loc":{"start":{"line":161,"column":8},"end":{"line":161,"column":55}},"type":"binary-expr","locations":[{"start":{"line":161,"column":8},"end":{"line":161,"column":35}},{"start":{"line":161,"column":39},"end":{"line":161,"column":55}}],"line":161},"20":{"loc":{"start":{"line":167,"column":4},"end":{"line":167,"column":34}},"type":"if","locations":[{"start":{"line":167,"column":4},"end":{"line":167,"column":34}},{"start":{},"end":{}}],"line":167},"21":{"loc":{"start":{"line":169,"column":4},"end":{"line":177,"column":5}},"type":"if","locations":[{"start":{"line":169,"column":4},"end":{"line":177,"column":5}},{"start":{},"end":{}}],"line":169},"22":{"loc":{"start":{"line":181,"column":4},"end":{"line":181,"column":22}},"type":"if","locations":[{"start":{"line":181,"column":4},"end":{"line":181,"column":22}},{"start":{},"end":{}}],"line":181},"23":{"loc":{"start":{"line":190,"column":4},"end":{"line":190,"column":35}},"type":"if","locations":[{"start":{"line":190,"column":4},"end":{"line":190,"column":35}},{"start":{},"end":{}}],"line":190},"24":{"loc":{"start":{"line":204,"column":14},"end":{"line":204,"column":53}},"type":"cond-expr","locations":[{"start":{"line":204,"column":35},"end":{"line":204,"column":48}},{"start":{"line":204,"column":51},"end":{"line":204,"column":53}}],"line":204},"25":{"loc":{"start":{"line":215,"column":14},"end":{"line":215,"column":55}},"type":"cond-expr","locations":[{"start":{"line":215,"column":37},"end":{"line":215,"column":50}},{"start":{"line":215,"column":53},"end":{"line":215,"column":55}}],"line":215},"26":{"loc":{"start":{"line":226,"column":14},"end":{"line":226,"column":58}},"type":"cond-expr","locations":[{"start":{"line":226,"column":40},"end":{"line":226,"column":53}},{"start":{"line":226,"column":56},"end":{"line":226,"column":58}}],"line":226},"27":{"loc":{"start":{"line":233,"column":9},"end":{"line":241,"column":9}},"type":"binary-expr","locations":[{"start":{"line":233,"column":9},"end":{"line":233,"column":24}},{"start":{"line":233,"column":28},"end":{"line":233,"column":38}},{"start":{"line":234,"column":10},"end":{"line":240,"column":19}}],"line":233},"28":{"loc":{"start":{"line":254,"column":17},"end":{"line":254,"column":52}},"type":"cond-expr","locations":[{"start":{"line":254,"column":29},"end":{"line":254,"column":40}},{"start":{"line":254,"column":43},"end":{"line":254,"column":52}}],"line":254},"29":{"loc":{"start":{"line":258,"column":10},"end":{"line":258,"column":49}},"type":"cond-expr","locations":[{"start":{"line":258,"column":22},"end":{"line":258,"column":32}},{"start":{"line":258,"column":35},"end":{"line":258,"column":49}}],"line":258}},"s":{"0":1,"1":35,"2":35,"3":35,"4":35,"5":35,"6":21,"7":21,"8":12,"9":35,"10":21,"11":35,"12":15,"13":3,"14":1,"15":1,"16":1,"17":1,"18":1,"19":1,"20":1,"21":1,"22":1,"23":0,"24":35,"25":17,"26":13,"27":4,"28":35,"29":3,"30":0,"31":3,"32":3,"33":3,"34":3,"35":3,"36":3,"37":35,"38":35,"39":21,"40":35,"41":35,"42":21,"43":35,"44":8,"45":8,"46":4,"47":4,"48":4,"49":4,"50":3,"51":3,"52":1,"53":2,"54":2,"55":1,"56":1,"57":1,"58":1,"59":35,"60":28,"61":21,"62":7,"63":1,"64":1,"65":6,"66":6,"67":1,"68":5,"69":35,"70":11,"71":0,"72":11,"73":35,"74":1,"75":1,"76":1,"77":1},"f":{"0":35,"1":21,"2":21,"3":15,"4":17,"5":3,"6":3,"7":21,"8":21,"9":8,"10":28,"11":11,"12":1,"13":1,"14":1,"15":1},"b":{"0":[21,9],"1":[12,9],"2":[21,21],"3":[3,12],"4":[15,12],"5":[1,1,1,0],"6":[13,4],"7":[3],"8":[0,3],"9":[3,3],"10":[3,0],"11":[5],"12":[7],"13":[1,3],"14":[3,3],"15":[3,1],"16":[4,3],"17":[1,2],"18":[1,1],"19":[1,0],"20":[21,7],"21":[1,6],"22":[1,5],"23":[0,11],"24":[2,33],"25":[2,33],"26":[2,33],"27":[35,7,5],"28":[30,5],"29":[30,5]},"_coverageSchema":"1a1c01bbd47fc00a2c39e90264f33305004495a9","hash":"b1b6d4c263a8949b1e144b4673217b4f10985be7"}
}
