TN:
SF:src\components\AuthLayout.jsx
FN:3,(anonymous_0)
FN:21,(anonymous_1)
FN:40,AuthLayout
FNF:3
FNH:3
FNDA:5,(anonymous_0)
FNDA:35,(anonymous_1)
FNDA:5,AuthLayout
DA:3,1
DA:4,5
DA:22,35
DA:41,5
LF:4
LH:4
BRDA:73,0,0,1
BRDA:73,0,1,4
BRDA:77,1,0,1
BRDA:77,1,1,4
BRDA:81,2,0,1
BRDA:81,2,1,4
BRF:6
BRH:6
end_of_record
TN:
SF:src\components\AvailableNotes.jsx
FN:4,(anonymous_0)
FN:12,(anonymous_1)
FN:17,(anonymous_2)
FN:32,(anonymous_3)
FN:42,(anonymous_4)
FN:56,(anonymous_5)
FN:61,(anonymous_6)
FN:62,(anonymous_7)
FN:84,(anonymous_8)
FNF:9
FNH:9
FNDA:40,(anonymous_0)
FNDA:40,(anonymous_1)
FNDA:54,(anonymous_2)
FNDA:27,(anonymous_3)
FNDA:1,(anonymous_4)
FNDA:45,(anonymous_5)
FNDA:1,(anonymous_6)
FNDA:3,(anonymous_7)
FNDA:3,(anonymous_8)
DA:4,2
DA:10,40
DA:12,40
DA:13,40
DA:15,40
DA:17,27
DA:18,54
DA:22,40
DA:24,40
DA:32,27
DA:42,1
DA:57,45
DA:61,1
DA:63,3
DA:65,2
DA:70,2
DA:71,2
DA:85,3
DA:86,3
LF:19
LH:19
BRDA:15,0,0,13
BRDA:15,0,1,27
BRDA:38,1,0,40
BRDA:38,1,1,27
BRDA:51,2,0,10
BRDA:51,2,1,30
BRDA:53,3,0,9
BRDA:53,3,1,1
BRDA:63,4,0,1
BRDA:63,4,1,2
BRDA:65,5,0,2
BRDA:65,5,1,0
BRDA:66,6,0,2
BRDA:66,6,1,1
BRDA:66,6,2,0
BRDA:89,7,0,1
BRDA:89,7,1,44
BRDA:94,8,0,1
BRDA:94,8,1,44
BRF:19
BRH:17
end_of_record
TN:
SF:src\components\Heading.jsx
FN:1,(anonymous_0)
FNF:1
FNH:1
FNDA:8,(anonymous_0)
DA:1,2
DA:2,8
LF:2
LH:2
BRDA:14,0,0,5
BRDA:14,0,1,3
BRDA:18,1,0,5
BRDA:18,1,1,3
BRF:4
BRH:4
end_of_record
TN:
SF:src\components\Notepad.jsx
FN:6,(anonymous_0)
FN:16,(anonymous_1)
FN:27,(anonymous_2)
FN:31,(anonymous_3)
FN:54,(anonymous_4)
FN:61,(anonymous_5)
FN:66,(anonymous_6)
FN:76,(anonymous_7)
FN:82,(anonymous_8)
FN:86,(anonymous_9)
FN:100,(anonymous_10)
FN:156,(anonymous_11)
FN:168,(anonymous_12)
FN:177,(anonymous_13)
FN:186,(anonymous_14)
FN:198,(anonymous_15)
FNF:16
FNH:10
FNDA:12,(anonymous_0)
FNDA:7,(anonymous_1)
FNDA:7,(anonymous_2)
FNDA:11,(anonymous_3)
FNDA:0,(anonymous_4)
FNDA:0,(anonymous_5)
FNDA:0,(anonymous_6)
FNDA:7,(anonymous_7)
FNDA:7,(anonymous_8)
FNDA:10,(anonymous_9)
FNDA:4,(anonymous_10)
FNDA:11,(anonymous_11)
FNDA:0,(anonymous_12)
FNDA:0,(anonymous_13)
FNDA:0,(anonymous_14)
FNDA:1,(anonymous_15)
DA:6,1
DA:7,12
DA:8,12
DA:9,12
DA:16,12
DA:17,7
DA:19,7
DA:23,6
DA:27,12
DA:28,7
DA:31,12
DA:32,11
DA:33,0
DA:35,0
DA:36,0
DA:37,0
DA:40,0
DA:41,0
DA:42,0
DA:45,0
DA:46,0
DA:47,0
DA:50,0
DA:54,12
DA:55,0
DA:61,12
DA:62,0
DA:64,0
DA:66,0
DA:67,0
DA:69,0
DA:71,0
DA:74,12
DA:76,12
DA:77,7
DA:80,12
DA:82,12
DA:83,7
DA:86,12
DA:87,10
DA:89,3
DA:90,1
DA:91,1
DA:94,2
DA:96,2
DA:98,2
DA:100,12
DA:106,4
DA:107,4
DA:122,3
DA:124,3
DA:125,3
DA:131,1
DA:136,1
DA:140,1
DA:141,1
DA:144,0
DA:146,0
DA:148,0
DA:151,0
DA:152,0
DA:156,12
DA:157,11
DA:159,11
DA:162,12
DA:168,0
DA:177,0
DA:186,0
DA:198,1
LF:69
LH:43
BRDA:17,0,0,7
BRDA:17,0,1,1
BRDA:19,1,0,6
BRDA:19,1,1,1
BRDA:20,2,0,7
BRDA:20,2,1,7
BRDA:32,3,0,0
BRDA:32,3,1,11
BRDA:32,4,0,11
BRDA:32,4,1,11
BRDA:33,5,0,0
BRDA:33,5,1,0
BRDA:33,5,2,0
BRDA:33,5,3,0
BRDA:61,6,0,0
BRDA:62,7,0,0
BRDA:62,7,1,0
BRDA:62,8,0,0
BRDA:62,8,1,0
BRDA:87,9,0,7
BRDA:87,9,1,3
BRDA:89,10,0,1
BRDA:89,10,1,2
BRDA:96,11,0,0
BRDA:96,11,1,2
BRDA:103,12,0,2
BRDA:104,13,0,4
BRDA:126,14,0,1
BRDA:126,14,1,2
BRDA:128,15,0,2
BRDA:128,15,1,2
BRDA:131,16,0,1
BRDA:131,16,1,0
BRDA:132,17,0,1
BRDA:132,17,1,1
BRDA:132,17,2,1
BRDA:140,18,0,1
BRDA:140,18,1,0
BRDA:146,19,0,0
BRDA:146,19,1,0
BRDA:152,20,0,0
BRDA:152,20,1,0
BRDA:157,21,0,0
BRDA:157,21,1,11
BRDA:195,22,0,12
BRDA:195,22,1,6
BRDA:195,22,2,4
BRDA:213,23,0,8
BRDA:213,23,1,4
BRDA:214,24,0,8
BRDA:214,24,1,4
BRF:51
BRH:33
end_of_record
TN:
SF:src\components\PasswordInput.jsx
FN:3,(anonymous_0)
FN:10,(anonymous_1)
FN:17,PasswordInput
FN:44,(anonymous_3)
FN:44,(anonymous_4)
FNF:5
FNH:5
FNDA:8,(anonymous_0)
FNDA:2,(anonymous_1)
FNDA:10,PasswordInput
FNDA:3,(anonymous_3)
FNDA:3,(anonymous_4)
DA:3,1
DA:4,8
DA:10,1
DA:11,2
DA:18,10
DA:20,10
DA:44,3
LF:7
LH:7
BRDA:17,0,0,10
BRDA:27,1,0,1
BRDA:27,1,1,9
BRDA:33,2,0,2
BRDA:33,2,1,8
BRDA:38,3,0,1
BRDA:38,3,1,9
BRDA:38,4,0,1
BRDA:38,4,1,8
BRDA:45,5,0,2
BRDA:45,5,1,8
BRDA:49,6,0,2
BRDA:49,6,1,8
BRDA:52,7,0,1
BRDA:52,7,1,9
BRDA:56,8,0,1
BRDA:56,8,1,8
BRF:17
BRH:17
end_of_record
TN:
SF:src\components\Setting.jsx
FN:3,(anonymous_0)
FN:8,(anonymous_1)
FN:13,(anonymous_2)
FN:24,(anonymous_3)
FN:28,(anonymous_4)
FNF:5
FNH:2
FNDA:1,(anonymous_0)
FNDA:0,(anonymous_1)
FNDA:0,(anonymous_2)
FNDA:2,(anonymous_3)
FNDA:0,(anonymous_4)
DA:3,2
DA:4,1
DA:6,1
DA:8,1
DA:9,0
DA:10,0
DA:13,1
DA:14,0
DA:15,0
DA:17,0
DA:18,0
DA:22,1
DA:25,2
DA:28,0
LF:14
LH:7
BRDA:14,0,0,0
BRDA:14,0,1,0
BRDA:17,1,0,0
BRDA:17,1,1,0
BRF:4
BRH:0
end_of_record
TN:
SF:src\components\Sidebar.jsx
FN:8,(anonymous_0)
FN:27,(anonymous_1)
FN:31,(anonymous_2)
FN:35,(anonymous_3)
FN:41,(anonymous_4)
FN:47,(anonymous_5)
FN:66,(anonymous_6)
FN:89,(anonymous_7)
FN:105,(anonymous_8)
FN:121,(anonymous_9)
FN:128,(anonymous_10)
FN:136,(anonymous_11)
FN:140,(anonymous_12)
FN:168,(anonymous_13)
FN:174,(anonymous_14)
FN:178,(anonymous_15)
FN:189,(anonymous_16)
FN:192,(anonymous_17)
FNF:18
FNH:10
FNDA:19,(anonymous_0)
FNDA:1,(anonymous_1)
FNDA:1,(anonymous_2)
FNDA:1,(anonymous_3)
FNDA:0,(anonymous_4)
FNDA:0,(anonymous_5)
FNDA:0,(anonymous_6)
FNDA:9,(anonymous_7)
FNDA:9,(anonymous_8)
FNDA:9,(anonymous_9)
FNDA:9,(anonymous_10)
FNDA:11,(anonymous_11)
FNDA:0,(anonymous_12)
FNDA:2,(anonymous_13)
FNDA:0,(anonymous_14)
FNDA:0,(anonymous_15)
FNDA:0,(anonymous_16)
FNDA:0,(anonymous_17)
DA:8,2
DA:19,19
DA:20,19
DA:22,19
DA:23,19
DA:24,19
DA:25,19
DA:27,19
DA:28,1
DA:31,19
DA:32,1
DA:35,19
DA:36,1
DA:37,1
DA:38,1
DA:41,19
DA:42,0
DA:43,0
DA:44,0
DA:47,19
DA:48,0
DA:49,0
DA:55,0
DA:56,0
DA:57,0
DA:58,0
DA:61,0
DA:62,0
DA:66,19
DA:67,0
DA:68,0
DA:69,0
DA:72,0
DA:73,0
DA:79,0
DA:80,0
DA:81,0
DA:84,0
DA:85,0
DA:89,19
DA:90,9
DA:91,9
DA:97,9
DA:98,9
DA:101,0
DA:105,19
DA:106,9
DA:107,9
DA:113,9
DA:114,9
DA:117,0
DA:121,19
DA:122,9
DA:124,9
DA:125,9
DA:128,19
DA:129,9
DA:131,0
DA:133,19
DA:134,19
DA:136,19
DA:138,11
DA:140,2
DA:142,0
DA:148,0
DA:152,0
DA:160,0
DA:166,2
DA:168,2
DA:172,19
DA:174,19
DA:175,0
DA:178,19
DA:179,0
DA:180,0
DA:182,0
DA:183,0
DA:184,0
DA:185,0
DA:188,0
DA:189,0
DA:190,0
DA:192,0
DA:193,0
DA:195,0
DA:197,0
DA:200,19
LF:87
LH:45
BRDA:17,0,0,15
BRDA:55,1,0,0
BRDA:55,1,1,0
BRDA:67,2,0,0
BRDA:67,2,1,0
BRDA:79,3,0,0
BRDA:79,3,1,0
BRDA:97,4,0,9
BRDA:97,4,1,0
BRDA:113,5,0,9
BRDA:113,5,1,0
BRDA:122,6,0,0
BRDA:122,6,1,9
BRDA:129,7,0,9
BRDA:129,7,1,0
BRDA:129,8,0,9
BRDA:129,8,1,9
BRDA:138,9,0,9
BRDA:138,9,1,2
BRDA:138,10,0,11
BRDA:138,10,1,10
BRDA:142,11,0,0
BRDA:142,11,1,0
BRDA:143,12,0,0
BRDA:143,12,1,0
BRDA:152,13,0,0
BRDA:152,13,1,0
BRDA:154,14,0,0
BRDA:154,14,1,0
BRDA:180,15,0,0
BRDA:180,15,1,0
BRDA:182,16,0,0
BRDA:182,16,1,0
BRDA:207,17,0,19
BRDA:207,17,1,4
BRDA:225,18,0,19
BRDA:225,18,1,15
BRDA:234,19,0,15
BRDA:234,19,1,1
BRDA:248,20,0,19
BRDA:248,20,1,15
BRDA:258,21,0,19
BRDA:258,21,1,15
BRDA:267,22,0,19
BRDA:267,22,1,15
BRDA:300,23,0,19
BRDA:300,23,1,1
BRDA:315,24,0,4
BRDA:315,24,1,15
BRDA:320,25,0,19
BRDA:320,25,1,9
BRDA:325,26,0,19
BRDA:325,26,1,9
BRDA:329,27,0,19
BRDA:329,27,1,9
BRF:55
BRH:33
end_of_record
TN:
SF:src\pages\Login.jsx
FN:8,Login
FN:15,(anonymous_1)
FN:17,(anonymous_2)
FN:18,(anonymous_3)
FN:22,(anonymous_4)
FN:31,(anonymous_5)
FN:41,(anonymous_6)
FNF:7
FNH:5
FNDA:61,Login
FNDA:54,(anonymous_1)
FNDA:54,(anonymous_2)
FNDA:0,(anonymous_3)
FNDA:2,(anonymous_4)
FNDA:2,(anonymous_5)
FNDA:0,(anonymous_6)
DA:9,61
DA:10,61
DA:11,61
DA:12,61
DA:13,61
DA:15,61
DA:16,54
DA:17,54
DA:18,54
DA:19,54
DA:22,61
DA:23,2
DA:27,2
DA:28,2
DA:31,61
DA:32,2
DA:33,2
DA:35,2
DA:36,2
DA:37,2
DA:38,2
DA:39,1
DA:40,1
DA:41,1
DA:43,0
DA:45,1
DA:47,2
DA:51,61
LF:28
LH:27
BRDA:18,0,0,0
BRDA:18,0,1,54
BRDA:19,1,0,0
BRDA:19,1,1,54
BRDA:28,2,0,2
BRDA:28,2,1,2
BRDA:33,3,0,0
BRDA:33,3,1,2
BRDA:39,4,0,1
BRDA:39,4,1,0
BRDA:43,5,0,0
BRDA:43,5,1,0
BRDA:45,6,0,1
BRDA:45,6,1,0
BRDA:66,7,0,1
BRDA:66,7,1,60
BRDA:84,8,0,0
BRDA:84,8,1,61
BRDA:86,9,0,0
BRDA:86,9,1,61
BRDA:89,10,0,0
BRDA:89,10,1,61
BRDA:116,11,0,2
BRDA:116,11,1,59
BRF:24
BRH:14
end_of_record
TN:
SF:src\pages\Profile.jsx
FN:8,(anonymous_0)
FN:16,(anonymous_1)
FN:18,(anonymous_2)
FN:34,(anonymous_3)
FN:50,(anonymous_4)
FN:57,(anonymous_5)
FN:62,(anonymous_6)
FN:66,(anonymous_7)
FN:70,(anonymous_8)
FN:112,(anonymous_9)
FN:113,(anonymous_10)
FN:114,(anonymous_11)
FN:115,(anonymous_12)
FN:116,(anonymous_13)
FN:184,(anonymous_14)
FNF:15
FNH:5
FNDA:4,(anonymous_0)
FNDA:0,(anonymous_1)
FNDA:2,(anonymous_2)
FNDA:2,(anonymous_3)
FNDA:2,(anonymous_4)
FNDA:0,(anonymous_5)
FNDA:0,(anonymous_6)
FNDA:0,(anonymous_7)
FNDA:0,(anonymous_8)
FNDA:1,(anonymous_9)
FNDA:0,(anonymous_10)
FNDA:0,(anonymous_11)
FNDA:0,(anonymous_12)
FNDA:0,(anonymous_13)
FNDA:0,(anonymous_14)
DA:8,1
DA:9,4
DA:10,4
DA:11,4
DA:12,4
DA:14,4
DA:16,4
DA:18,4
DA:19,2
DA:20,2
DA:26,2
DA:27,2
DA:30,0
DA:34,4
DA:35,2
DA:36,2
DA:42,2
DA:43,2
DA:46,0
DA:50,4
DA:51,2
DA:53,2
DA:54,2
DA:57,4
DA:62,4
DA:66,4
DA:70,4
DA:74,4
DA:75,4
DA:76,4
DA:78,4
DA:112,1
DA:185,0
LF:33
LH:30
BRDA:26,0,0,2
BRDA:26,0,1,0
BRDA:42,1,0,2
BRDA:42,1,1,0
BRDA:43,2,0,2
BRDA:43,2,1,0
BRDA:51,3,0,0
BRDA:51,3,1,2
BRDA:74,4,0,4
BRDA:74,4,1,2
BRDA:75,5,0,4
BRDA:75,5,1,2
BRDA:76,6,0,4
BRDA:76,6,1,2
BRDA:89,7,0,4
BRDA:89,7,1,4
BRDA:108,8,0,4
BRDA:108,8,1,0
BRDA:129,9,0,4
BRDA:129,9,1,0
BRDA:182,10,0,0
BRDA:182,10,1,4
BRF:22
BRH:15
end_of_record
TN:
SF:src\pages\Register.jsx
FN:9,Register
FN:16,(anonymous_1)
FN:18,(anonymous_2)
FN:19,(anonymous_3)
FN:23,(anonymous_4)
FN:33,(anonymous_5)
FN:42,(anonymous_6)
FNF:7
FNH:5
FNDA:73,Register
FNDA:66,(anonymous_1)
FNDA:66,(anonymous_2)
FNDA:0,(anonymous_3)
FNDA:2,(anonymous_4)
FNDA:2,(anonymous_5)
FNDA:0,(anonymous_6)
DA:10,73
DA:11,73
DA:12,73
DA:13,73
DA:14,73
DA:16,73
DA:17,66
DA:18,66
DA:19,66
DA:20,66
DA:23,73
DA:24,2
DA:29,2
DA:30,2
DA:33,73
DA:34,2
DA:35,2
DA:37,2
DA:38,2
DA:39,2
DA:40,2
DA:41,1
DA:42,1
DA:44,0
DA:47,1
DA:49,2
DA:53,73
LF:27
LH:26
BRDA:19,0,0,0
BRDA:19,0,1,66
BRDA:20,1,0,0
BRDA:20,1,1,66
BRDA:30,2,0,2
BRDA:30,2,1,2
BRDA:30,2,2,2
BRDA:35,3,0,0
BRDA:35,3,1,2
BRDA:41,4,0,1
BRDA:41,4,1,0
BRDA:44,5,0,0
BRDA:44,5,1,0
BRDA:47,6,0,1
BRDA:47,6,1,0
BRDA:68,7,0,1
BRDA:68,7,1,72
BRDA:86,8,0,0
BRDA:86,8,1,73
BRDA:89,9,0,0
BRDA:89,9,1,73
BRDA:92,10,0,0
BRDA:92,10,1,73
BRDA:111,11,0,0
BRDA:111,11,1,73
BRDA:114,12,0,0
BRDA:114,12,1,73
BRDA:117,13,0,0
BRDA:117,13,1,73
BRDA:139,14,0,2
BRDA:139,14,1,71
BRF:31
BRH:18
end_of_record
