TN:
SF:src\components\Notepad.jsx
FN:6,(anonymous_0)
FN:24,(anonymous_1)
FN:35,(anonymous_2)
FN:39,(anonymous_3)
FN:63,(anonymous_4)
FN:74,(anonymous_5)
FN:79,(anonymous_6)
FN:91,(anonymous_7)
FN:97,(anonymous_8)
FN:101,(anonymous_9)
FN:166,(anonymous_10)
FN:189,(anonymous_11)
FN:201,(anonymous_12)
FN:212,(anonymous_13)
FN:223,(anonymous_14)
FN:236,(anonymous_15)
FNF:16
FNH:16
FNDA:35,(anonymous_0)
FNDA:21,(anonymous_1)
FNDA:21,(anonymous_2)
FNDA:15,(anonymous_3)
FNDA:17,(anonymous_4)
FNDA:3,(anonymous_5)
FNDA:3,(anonymous_6)
FNDA:21,(anonymous_7)
FNDA:21,(anonymous_8)
FNDA:8,(anonymous_9)
FNDA:28,(anonymous_10)
FNDA:11,(anonymous_11)
FNDA:1,(anonymous_12)
FNDA:1,(anonymous_13)
FNDA:1,(anonymous_14)
FNDA:1,(anonymous_15)
DA:6,1
DA:13,35
DA:14,35
DA:16,35
DA:18,35
DA:24,35
DA:25,21
DA:27,21
DA:31,12
DA:35,35
DA:36,21
DA:39,35
DA:40,15
DA:41,3
DA:43,1
DA:44,1
DA:45,1
DA:48,1
DA:49,1
DA:50,1
DA:53,1
DA:54,1
DA:55,1
DA:58,0
DA:63,35
DA:64,17
DA:65,13
DA:68,4
DA:74,35
DA:75,3
DA:77,3
DA:79,3
DA:80,3
DA:81,3
DA:84,3
DA:85,3
DA:89,35
DA:91,35
DA:92,21
DA:95,35
DA:97,35
DA:98,21
DA:101,35
DA:107,8
DA:108,8
DA:123,4
DA:125,4
DA:127,4
DA:139,4
DA:143,3
DA:147,3
DA:148,1
DA:151,2
DA:153,2
DA:155,1
DA:158,1
DA:160,1
DA:166,35
DA:167,28
DA:169,7
DA:170,1
DA:176,1
DA:179,6
DA:181,6
DA:183,5
DA:189,35
DA:190,11
DA:192,11
DA:195,35
DA:201,1
DA:212,1
DA:223,1
DA:236,1
LF:73
LH:72
BRDA:25,0,0,21
BRDA:25,0,1,9
BRDA:27,1,0,12
BRDA:27,1,1,9
BRDA:28,2,0,21
BRDA:28,2,1,21
BRDA:40,3,0,3
BRDA:40,3,1,12
BRDA:40,4,0,15
BRDA:40,4,1,12
BRDA:41,5,0,1
BRDA:41,5,1,1
BRDA:41,5,2,1
BRDA:41,5,3,0
BRDA:64,6,0,13
BRDA:64,6,1,4
BRDA:74,7,0,3
BRDA:75,8,0,0
BRDA:75,8,1,3
BRDA:75,9,0,3
BRDA:75,9,1,3
BRDA:80,10,0,3
BRDA:80,10,1,0
BRDA:104,11,0,5
BRDA:105,12,0,7
BRDA:128,13,0,1
BRDA:128,13,1,3
BRDA:135,14,0,3
BRDA:135,14,1,3
BRDA:139,15,0,3
BRDA:139,15,1,1
BRDA:140,16,0,4
BRDA:140,16,1,3
BRDA:147,17,0,1
BRDA:147,17,1,2
BRDA:153,18,0,1
BRDA:153,18,1,1
BRDA:161,19,0,1
BRDA:161,19,1,0
BRDA:167,20,0,21
BRDA:167,20,1,7
BRDA:169,21,0,1
BRDA:169,21,1,6
BRDA:181,22,0,1
BRDA:181,22,1,5
BRDA:190,23,0,0
BRDA:190,23,1,11
BRDA:204,24,0,2
BRDA:204,24,1,33
BRDA:215,25,0,2
BRDA:215,25,1,33
BRDA:226,26,0,2
BRDA:226,26,1,33
BRDA:233,27,0,35
BRDA:233,27,1,7
BRDA:233,27,2,5
BRDA:254,28,0,30
BRDA:254,28,1,5
BRDA:258,29,0,30
BRDA:258,29,1,5
BRF:60
BRH:55
end_of_record
