{"D:\\10Pearls\\10PearlsRepo\\cohort-9-mern-7723-hassan\\backend\\socket.js":{"path":"D:\\10Pearls\\10PearlsRepo\\cohort-9-mern-7723-hassan\\backend\\socket.js","statementMap":{"0":{"start":{"line":1,"column":19},"end":{"line":1,"column":39}},"1":{"start":{"line":2,"column":12},"end":{"line":2,"column":35}},"2":{"start":{"line":7,"column":4},"end":{"line":9,"column":7}},"3":{"start":{"line":11,"column":4},"end":{"line":20,"column":7}},"4":{"start":{"line":12,"column":8},"end":{"line":19,"column":9}},"5":{"start":{"line":13,"column":26},"end":{"line":13,"column":54}},"6":{"start":{"line":14,"column":28},"end":{"line":14,"column":96}},"7":{"start":{"line":15,"column":12},"end":{"line":15,"column":39}},"8":{"start":{"line":16,"column":12},"end":{"line":16,"column":19}},"9":{"start":{"line":18,"column":12},"end":{"line":18,"column":44}},"10":{"start":{"line":22,"column":4},"end":{"line":25,"column":7}},"11":{"start":{"line":23,"column":8},"end":{"line":23,"column":45}},"12":{"start":{"line":24,"column":8},"end":{"line":24,"column":42}},"13":{"start":{"line":27,"column":4},"end":{"line":27,"column":14}},"14":{"start":{"line":31,"column":4},"end":{"line":31,"column":62}},"15":{"start":{"line":31,"column":13},"end":{"line":31,"column":62}},"16":{"start":{"line":32,"column":4},"end":{"line":32,"column":14}},"17":{"start":{"line":35,"column":0},"end":{"line":35,"column":39}}},"fnMap":{"0":{"name":"initSocket","decl":{"start":{"line":6,"column":9},"end":{"line":6,"column":19}},"loc":{"start":{"line":6,"column":28},"end":{"line":28,"column":1}},"line":6},"1":{"name":"(anonymous_1)","decl":{"start":{"line":11,"column":11},"end":{"line":11,"column":12}},"loc":{"start":{"line":11,"column":29},"end":{"line":20,"column":5}},"line":11},"2":{"name":"(anonymous_2)","decl":{"start":{"line":22,"column":24},"end":{"line":22,"column":25}},"loc":{"start":{"line":22,"column":36},"end":{"line":25,"column":5}},"line":22},"3":{"name":"(anonymous_3)","decl":{"start":{"line":24,"column":32},"end":{"line":24,"column":33}},"loc":{"start":{"line":24,"column":38},"end":{"line":24,"column":40}},"line":24},"4":{"name":"getIO","decl":{"start":{"line":30,"column":9},"end":{"line":30,"column":14}},"loc":{"start":{"line":30,"column":17},"end":{"line":33,"column":1}},"line":30}},"branchMap":{"0":{"loc":{"start":{"line":31,"column":4},"end":{"line":31,"column":62}},"type":"if","locations":[{"start":{"line":31,"column":4},"end":{"line":31,"column":62}},{"start":{},"end":{}}],"line":31}},"s":{"0":0,"1":0,"2":0,"3":0,"4":0,"5":0,"6":0,"7":0,"8":0,"9":0,"10":0,"11":0,"12":0,"13":0,"14":0,"15":0,"16":0,"17":0},"f":{"0":0,"1":0,"2":0,"3":0,"4":0},"b":{"0":[0,0]},"all":true},"D:\\10Pearls\\10PearlsRepo\\cohort-9-mern-7723-hassan\\backend\\index.js":{"path":"D:\\10Pearls\\10PearlsRepo\\cohort-9-mern-7723-hassan\\backend\\index.js","statementMap":{"0":{"start":{"line":1,"column":15},"end":{"line":1,"column":32}},"1":{"start":{"line":2,"column":0},"end":{"line":2,"column":16}},"2":{"start":{"line":3,"column":18},"end":{"line":3,"column":40}},"3":{"start":{"line":4,"column":13},"end":{"line":4,"column":28}},"4":{"start":{"line":5,"column":12},"end":{"line":5,"column":28}},"5":{"start":{"line":6,"column":15},"end":{"line":6,"column":46}},"6":{"start":{"line":7,"column":13},"end":{"line":7,"column":37}},"7":{"start":{"line":8,"column":15},"end":{"line":8,"column":37}},"8":{"start":{"line":9,"column":23},"end":{"line":9,"column":42}},"9":{"start":{"line":10,"column":11},"end":{"line":10,"column":29}},"10":{"start":{"line":12,"column":0},"end":{"line":38,"column":5}},"11":{"start":{"line":13,"column":4},"end":{"line":37,"column":5}},"12":{"start":{"line":14,"column":8},"end":{"line":14,"column":26}},"13":{"start":{"line":22,"column":8},"end":{"line":24,"column":11}},"14":{"start":{"line":23,"column":12},"end":{"line":23,"column":58}},"15":{"start":{"line":26,"column":8},"end":{"line":33,"column":11}},"16":{"start":{"line":27,"column":12},"end":{"line":31,"column":13}},"17":{"start":{"line":28,"column":16},"end":{"line":28,"column":90}},"18":{"start":{"line":30,"column":16},"end":{"line":30,"column":83}},"19":{"start":{"line":32,"column":12},"end":{"line":32,"column":28}},"20":{"start":{"line":35,"column":8},"end":{"line":35,"column":75}},"21":{"start":{"line":36,"column":8},"end":{"line":36,"column":24}}},"fnMap":{"0":{"name":"(anonymous_0)","decl":{"start":{"line":12,"column":1},"end":{"line":12,"column":2}},"loc":{"start":{"line":12,"column":13},"end":{"line":38,"column":1}},"line":12},"1":{"name":"(anonymous_1)","decl":{"start":{"line":22,"column":28},"end":{"line":22,"column":29}},"loc":{"start":{"line":22,"column":34},"end":{"line":24,"column":9}},"line":22},"2":{"name":"(anonymous_2)","decl":{"start":{"line":26,"column":27},"end":{"line":26,"column":28}},"loc":{"start":{"line":26,"column":38},"end":{"line":33,"column":9}},"line":26}},"branchMap":{"0":{"loc":{"start":{"line":7,"column":13},"end":{"line":7,"column":37}},"type":"binary-expr","locations":[{"start":{"line":7,"column":13},"end":{"line":7,"column":29}},{"start":{"line":7,"column":33},"end":{"line":7,"column":37}}],"line":7},"1":{"loc":{"start":{"line":27,"column":12},"end":{"line":31,"column":13}},"type":"if","locations":[{"start":{"line":27,"column":12},"end":{"line":31,"column":13}},{"start":{"line":29,"column":19},"end":{"line":31,"column":13}}],"line":27}},"s":{"0":0,"1":0,"2":0,"3":0,"4":0,"5":0,"6":0,"7":0,"8":0,"9":0,"10":0,"11":0,"12":0,"13":0,"14":0,"15":0,"16":0,"17":0,"18":0,"19":0,"20":0,"21":0},"f":{"0":0,"1":0,"2":0},"b":{"0":[0,0],"1":[0,0]},"all":true},"D:\\10Pearls\\10PearlsRepo\\cohort-9-mern-7723-hassan\\backend\\app.js":{"path":"D:\\10Pearls\\10PearlsRepo\\cohort-9-mern-7723-hassan\\backend\\app.js","statementMap":{"0":{"start":{"line":1,"column":15},"end":{"line":1,"column":32}},"1":{"start":{"line":2,"column":0},"end":{"line":2,"column":16}},"2":{"start":{"line":4,"column":16},"end":{"line":4,"column":34}},"3":{"start":{"line":5,"column":13},"end":{"line":5,"column":28}},"4":{"start":{"line":6,"column":17},"end":{"line":6,"column":37}},"5":{"start":{"line":7,"column":19},"end":{"line":7,"column":43}},"6":{"start":{"line":8,"column":15},"end":{"line":8,"column":46}},"7":{"start":{"line":9,"column":19},"end":{"line":9,"column":43}},"8":{"start":{"line":11,"column":12},"end":{"line":11,"column":21}},"9":{"start":{"line":13,"column":20},"end":{"line":16,"column":1}},"10":{"start":{"line":18,"column":0},"end":{"line":25,"column":4}},"11":{"start":{"line":21,"column":8},"end":{"line":21,"column":59}},"12":{"start":{"line":21,"column":44},"end":{"line":21,"column":59}},"13":{"start":{"line":22,"column":8},"end":{"line":22,"column":49}},"14":{"start":{"line":22,"column":35},"end":{"line":22,"column":49}},"15":{"start":{"line":23,"column":8},"end":{"line":23,"column":22}},"16":{"start":{"line":27,"column":0},"end":{"line":27,"column":24}},"17":{"start":{"line":28,"column":0},"end":{"line":28,"column":48}},"18":{"start":{"line":29,"column":0},"end":{"line":29,"column":27}},"19":{"start":{"line":31,"column":0},"end":{"line":31,"column":29}},"20":{"start":{"line":32,"column":0},"end":{"line":32,"column":30}},"21":{"start":{"line":34,"column":0},"end":{"line":39,"column":3}},"22":{"start":{"line":35,"column":4},"end":{"line":38,"column":7}},"23":{"start":{"line":41,"column":0},"end":{"line":62,"column":3}},"24":{"start":{"line":42,"column":4},"end":{"line":45,"column":6}},"25":{"start":{"line":47,"column":4},"end":{"line":49,"column":5}},"26":{"start":{"line":48,"column":8},"end":{"line":48,"column":27}},"27":{"start":{"line":51,"column":4},"end":{"line":53,"column":5}},"28":{"start":{"line":52,"column":8},"end":{"line":52,"column":90}},"29":{"start":{"line":54,"column":4},"end":{"line":56,"column":5}},"30":{"start":{"line":55,"column":8},"end":{"line":55,"column":86}},"31":{"start":{"line":58,"column":4},"end":{"line":61,"column":7}},"32":{"start":{"line":64,"column":0},"end":{"line":64,"column":21}}},"fnMap":{"0":{"name":"(anonymous_0)","decl":{"start":{"line":20,"column":20},"end":{"line":20,"column":21}},"loc":{"start":{"line":20,"column":41},"end":{"line":24,"column":5}},"line":20},"1":{"name":"(anonymous_1)","decl":{"start":{"line":34,"column":8},"end":{"line":34,"column":9}},"loc":{"start":{"line":34,"column":22},"end":{"line":39,"column":1}},"line":34},"2":{"name":"(anonymous_2)","decl":{"start":{"line":41,"column":8},"end":{"line":41,"column":9}},"loc":{"start":{"line":41,"column":35},"end":{"line":62,"column":1}},"line":41}},"branchMap":{"0":{"loc":{"start":{"line":14,"column":12},"end":{"line":14,"column":60}},"type":"binary-expr","locations":[{"start":{"line":14,"column":12},"end":{"line":14,"column":35}},{"start":{"line":14,"column":37},"end":{"line":14,"column":60}}],"line":14},"1":{"loc":{"start":{"line":21,"column":8},"end":{"line":21,"column":59}},"type":"if","locations":[{"start":{"line":21,"column":8},"end":{"line":21,"column":59}},{"start":{},"end":{}}],"line":21},"2":{"loc":{"start":{"line":21,"column":12},"end":{"line":21,"column":42}},"type":"binary-expr","locations":[{"start":{"line":21,"column":12},"end":{"line":21,"column":17}},{"start":{"line":21,"column":21},"end":{"line":21,"column":42}}],"line":21},"3":{"loc":{"start":{"line":22,"column":8},"end":{"line":22,"column":49}},"type":"if","locations":[{"start":{"line":22,"column":8},"end":{"line":22,"column":49}},{"start":{},"end":{}}],"line":22},"4":{"loc":{"start":{"line":43,"column":26},"end":{"line":43,"column":45}},"type":"binary-expr","locations":[{"start":{"line":43,"column":26},"end":{"line":43,"column":39}},{"start":{"line":43,"column":43},"end":{"line":43,"column":45}}],"line":43},"5":{"loc":{"start":{"line":47,"column":4},"end":{"line":49,"column":5}},"type":"if","locations":[{"start":{"line":47,"column":4},"end":{"line":49,"column":5}},{"start":{},"end":{}}],"line":47},"6":{"loc":{"start":{"line":51,"column":4},"end":{"line":53,"column":5}},"type":"if","locations":[{"start":{"line":51,"column":4},"end":{"line":53,"column":5}},{"start":{},"end":{}}],"line":51},"7":{"loc":{"start":{"line":54,"column":4},"end":{"line":56,"column":5}},"type":"if","locations":[{"start":{"line":54,"column":4},"end":{"line":56,"column":5}},{"start":{},"end":{}}],"line":54},"8":{"loc":{"start":{"line":58,"column":22},"end":{"line":58,"column":41}},"type":"binary-expr","locations":[{"start":{"line":58,"column":22},"end":{"line":58,"column":34}},{"start":{"line":58,"column":38},"end":{"line":58,"column":41}}],"line":58},"9":{"loc":{"start":{"line":60,"column":17},"end":{"line":60,"column":95}},"type":"cond-expr","locations":[{"start":{"line":60,"column":32},"end":{"line":60,"column":45}},{"start":{"line":60,"column":48},"end":{"line":60,"column":95}}],"line":60}},"s":{"0":0,"1":0,"2":0,"3":0,"4":0,"5":0,"6":0,"7":0,"8":0,"9":0,"10":0,"11":0,"12":0,"13":0,"14":0,"15":0,"16":0,"17":0,"18":0,"19":0,"20":0,"21":0,"22":0,"23":0,"24":0,"25":0,"26":0,"27":0,"28":0,"29":0,"30":0,"31":0,"32":0},"f":{"0":0,"1":0,"2":0},"b":{"0":[0,0],"1":[0,0],"2":[0,0],"3":[0,0],"4":[0,0],"5":[0,0],"6":[0,0],"7":[0,0],"8":[0,0],"9":[0,0]},"all":true},"D:\\10Pearls\\10PearlsRepo\\cohort-9-mern-7723-hassan\\backend\\routes\\user.js":{"path":"D:\\10Pearls\\10PearlsRepo\\cohort-9-mern-7723-hassan\\backend\\routes\\user.js","statementMap":{"0":{"start":{"line":1,"column":19},"end":{"line":1,"column":37}},"1":{"start":{"line":2,"column":15},"end":{"line":2,"column":32}},"2":{"start":{"line":3,"column":13},"end":{"line":3,"column":38}},"3":{"start":{"line":4,"column":12},"end":{"line":4,"column":35}},"4":{"start":{"line":5,"column":13},"end":{"line":5,"column":42}},"5":{"start":{"line":6,"column":15},"end":{"line":6,"column":47}},"6":{"start":{"line":8,"column":15},"end":{"line":8,"column":23}},"7":{"start":{"line":9,"column":19},"end":{"line":9,"column":21}},"8":{"start":{"line":10,"column":19},"end":{"line":10,"column":44}},"9":{"start":{"line":12,"column":0},"end":{"line":14,"column":3}},"10":{"start":{"line":13,"column":4},"end":{"line":13,"column":33}},"11":{"start":{"line":16,"column":0},"end":{"line":62,"column":3}},"12":{"start":{"line":17,"column":4},"end":{"line":61,"column":5}},"13":{"start":{"line":18,"column":36},"end":{"line":18,"column":44}},"14":{"start":{"line":20,"column":8},"end":{"line":24,"column":9}},"15":{"start":{"line":21,"column":12},"end":{"line":23,"column":15}},"16":{"start":{"line":26,"column":26},"end":{"line":26,"column":55}},"17":{"start":{"line":28,"column":24},"end":{"line":31,"column":9}},"18":{"start":{"line":33,"column":8},"end":{"line":37,"column":9}},"19":{"start":{"line":34,"column":12},"end":{"line":36,"column":15}},"20":{"start":{"line":39,"column":22},"end":{"line":43,"column":9}},"21":{"start":{"line":45,"column":8},"end":{"line":45,"column":65}},"22":{"start":{"line":47,"column":8},"end":{"line":56,"column":11}},"23":{"start":{"line":59,"column":8},"end":{"line":59,"column":51}},"24":{"start":{"line":60,"column":8},"end":{"line":60,"column":20}},"25":{"start":{"line":64,"column":0},"end":{"line":113,"column":3}},"26":{"start":{"line":65,"column":4},"end":{"line":112,"column":5}},"27":{"start":{"line":66,"column":46},"end":{"line":66,"column":54}},"28":{"start":{"line":68,"column":8},"end":{"line":72,"column":9}},"29":{"start":{"line":69,"column":12},"end":{"line":71,"column":15}},"30":{"start":{"line":74,"column":29},"end":{"line":74,"column":58}},"31":{"start":{"line":75,"column":8},"end":{"line":79,"column":9}},"32":{"start":{"line":76,"column":12},"end":{"line":78,"column":15}},"33":{"start":{"line":82,"column":12},"end":{"line":82,"column":86}},"34":{"start":{"line":84,"column":8},"end":{"line":89,"column":9}},"35":{"start":{"line":85,"column":12},"end":{"line":88,"column":15}},"36":{"start":{"line":91,"column":31},"end":{"line":91,"column":70}},"37":{"start":{"line":93,"column":24},"end":{"line":93,"column":79}},"38":{"start":{"line":94,"column":8},"end":{"line":94,"column":29}},"39":{"start":{"line":96,"column":8},"end":{"line":96,"column":64}},"40":{"start":{"line":98,"column":8},"end":{"line":101,"column":11}},"41":{"start":{"line":104,"column":8},"end":{"line":109,"column":9}},"42":{"start":{"line":105,"column":12},"end":{"line":108,"column":15}},"43":{"start":{"line":110,"column":8},"end":{"line":110,"column":51}},"44":{"start":{"line":111,"column":8},"end":{"line":111,"column":20}},"45":{"start":{"line":115,"column":0},"end":{"line":126,"column":3}},"46":{"start":{"line":116,"column":4},"end":{"line":125,"column":5}},"47":{"start":{"line":117,"column":8},"end":{"line":121,"column":11}},"48":{"start":{"line":123,"column":8},"end":{"line":123,"column":50}},"49":{"start":{"line":124,"column":8},"end":{"line":124,"column":20}},"50":{"start":{"line":128,"column":0},"end":{"line":128,"column":24}}},"fnMap":{"0":{"name":"(anonymous_0)","decl":{"start":{"line":12,"column":20},"end":{"line":12,"column":21}},"loc":{"start":{"line":12,"column":34},"end":{"line":14,"column":1}},"line":12},"1":{"name":"(anonymous_1)","decl":{"start":{"line":16,"column":22},"end":{"line":16,"column":23}},"loc":{"start":{"line":16,"column":48},"end":{"line":62,"column":1}},"line":16},"2":{"name":"(anonymous_2)","decl":{"start":{"line":64,"column":25},"end":{"line":64,"column":26}},"loc":{"start":{"line":64,"column":51},"end":{"line":113,"column":1}},"line":64},"3":{"name":"(anonymous_3)","decl":{"start":{"line":115,"column":29},"end":{"line":115,"column":30}},"loc":{"start":{"line":115,"column":55},"end":{"line":126,"column":1}},"line":115}},"branchMap":{"0":{"loc":{"start":{"line":20,"column":8},"end":{"line":24,"column":9}},"type":"if","locations":[{"start":{"line":20,"column":8},"end":{"line":24,"column":9}},{"start":{},"end":{}}],"line":20},"1":{"loc":{"start":{"line":20,"column":12},"end":{"line":20,"column":31}},"type":"binary-expr","locations":[{"start":{"line":20,"column":12},"end":{"line":20,"column":18}},{"start":{"line":20,"column":22},"end":{"line":20,"column":31}}],"line":20},"2":{"loc":{"start":{"line":30,"column":12},"end":{"line":30,"column":45}},"type":"binary-expr","locations":[{"start":{"line":30,"column":12},"end":{"line":30,"column":31}},{"start":{"line":30,"column":35},"end":{"line":30,"column":45}}],"line":30},"3":{"loc":{"start":{"line":33,"column":8},"end":{"line":37,"column":9}},"type":"if","locations":[{"start":{"line":33,"column":8},"end":{"line":37,"column":9}},{"start":{},"end":{}}],"line":33},"4":{"loc":{"start":{"line":33,"column":12},"end":{"line":33,"column":34}},"type":"binary-expr","locations":[{"start":{"line":33,"column":12},"end":{"line":33,"column":22}},{"start":{"line":33,"column":26},"end":{"line":33,"column":34}}],"line":33},"5":{"loc":{"start":{"line":68,"column":8},"end":{"line":72,"column":9}},"type":"if","locations":[{"start":{"line":68,"column":8},"end":{"line":72,"column":9}},{"start":{},"end":{}}],"line":68},"6":{"loc":{"start":{"line":68,"column":12},"end":{"line":68,"column":44}},"type":"binary-expr","locations":[{"start":{"line":68,"column":12},"end":{"line":68,"column":21}},{"start":{"line":68,"column":25},"end":{"line":68,"column":31}},{"start":{"line":68,"column":35},"end":{"line":68,"column":44}}],"line":68},"7":{"loc":{"start":{"line":75,"column":8},"end":{"line":79,"column":9}},"type":"if","locations":[{"start":{"line":75,"column":8},"end":{"line":79,"column":9}},{"start":{},"end":{}}],"line":75},"8":{"loc":{"start":{"line":84,"column":8},"end":{"line":89,"column":9}},"type":"if","locations":[{"start":{"line":84,"column":8},"end":{"line":89,"column":9}},{"start":{},"end":{}}],"line":84},"9":{"loc":{"start":{"line":104,"column":8},"end":{"line":109,"column":9}},"type":"if","locations":[{"start":{"line":104,"column":8},"end":{"line":109,"column":9}},{"start":{},"end":{}}],"line":104}},"s":{"0":0,"1":0,"2":0,"3":0,"4":0,"5":0,"6":0,"7":0,"8":0,"9":0,"10":0,"11":0,"12":0,"13":0,"14":0,"15":0,"16":0,"17":0,"18":0,"19":0,"20":0,"21":0,"22":0,"23":0,"24":0,"25":0,"26":0,"27":0,"28":0,"29":0,"30":0,"31":0,"32":0,"33":0,"34":0,"35":0,"36":0,"37":0,"38":0,"39":0,"40":0,"41":0,"42":0,"43":0,"44":0,"45":0,"46":0,"47":0,"48":0,"49":0,"50":0},"f":{"0":0,"1":0,"2":0,"3":0},"b":{"0":[0,0],"1":[0,0],"2":[0,0],"3":[0,0],"4":[0,0],"5":[0,0],"6":[0,0,0],"7":[0,0],"8":[0,0],"9":[0,0]},"all":true},"D:\\10Pearls\\10PearlsRepo\\cohort-9-mern-7723-hassan\\backend\\routes\\note.js":{"path":"D:\\10Pearls\\10PearlsRepo\\cohort-9-mern-7723-hassan\\backend\\routes\\note.js","statementMap":{"0":{"start":{"line":1,"column":16},"end":{"line":1,"column":34}},"1":{"start":{"line":2,"column":13},"end":{"line":2,"column":38}},"2":{"start":{"line":3,"column":17},"end":{"line":3,"column":36}},"3":{"start":{"line":4,"column":13},"end":{"line":4,"column":42}},"4":{"start":{"line":5,"column":15},"end":{"line":5,"column":47}},"5":{"start":{"line":6,"column":18},"end":{"line":6,"column":38}},"6":{"start":{"line":8,"column":15},"end":{"line":8,"column":31}},"7":{"start":{"line":10,"column":0},"end":{"line":148,"column":3}},"8":{"start":{"line":11,"column":4},"end":{"line":147,"column":5}},"9":{"start":{"line":12,"column":21},"end":{"line":12,"column":29}},"10":{"start":{"line":13,"column":48},"end":{"line":13,"column":56}},"11":{"start":{"line":15,"column":8},"end":{"line":20,"column":9}},"12":{"start":{"line":16,"column":12},"end":{"line":19,"column":15}},"13":{"start":{"line":22,"column":24},"end":{"line":22,"column":58}},"14":{"start":{"line":24,"column":27},"end":{"line":27,"column":10}},"15":{"start":{"line":29,"column":8},"end":{"line":115,"column":9}},"16":{"start":{"line":31,"column":12},"end":{"line":38,"column":13}},"17":{"start":{"line":32,"column":16},"end":{"line":37,"column":19}},"18":{"start":{"line":40,"column":12},"end":{"line":62,"column":13}},"19":{"start":{"line":41,"column":16},"end":{"line":41,"column":44}},"20":{"start":{"line":42,"column":16},"end":{"line":42,"column":42}},"21":{"start":{"line":43,"column":16},"end":{"line":47,"column":19}},"22":{"start":{"line":49,"column":16},"end":{"line":52,"column":18}},"23":{"start":{"line":54,"column":16},"end":{"line":61,"column":19}},"24":{"start":{"line":64,"column":12},"end":{"line":109,"column":13}},"25":{"start":{"line":65,"column":16},"end":{"line":70,"column":17}},"26":{"start":{"line":66,"column":20},"end":{"line":69,"column":23}},"27":{"start":{"line":72,"column":16},"end":{"line":72,"column":66}},"28":{"start":{"line":74,"column":34},"end":{"line":77,"column":18}},"29":{"start":{"line":79,"column":16},"end":{"line":85,"column":17}},"30":{"start":{"line":80,"column":20},"end":{"line":84,"column":23}},"31":{"start":{"line":87,"column":16},"end":{"line":87,"column":47}},"32":{"start":{"line":88,"column":16},"end":{"line":88,"column":44}},"33":{"start":{"line":89,"column":16},"end":{"line":89,"column":42}},"34":{"start":{"line":90,"column":16},"end":{"line":94,"column":19}},"35":{"start":{"line":96,"column":16},"end":{"line":99,"column":18}},"36":{"start":{"line":101,"column":16},"end":{"line":108,"column":19}},"37":{"start":{"line":111,"column":12},"end":{"line":114,"column":15}},"38":{"start":{"line":117,"column":28},"end":{"line":121,"column":10}},"39":{"start":{"line":123,"column":8},"end":{"line":127,"column":11}},"40":{"start":{"line":129,"column":8},"end":{"line":132,"column":10}},"41":{"start":{"line":134,"column":8},"end":{"line":141,"column":11}},"42":{"start":{"line":145,"column":8},"end":{"line":145,"column":50}},"43":{"start":{"line":146,"column":8},"end":{"line":146,"column":20}},"44":{"start":{"line":150,"column":0},"end":{"line":179,"column":3}},"45":{"start":{"line":151,"column":4},"end":{"line":178,"column":5}},"46":{"start":{"line":152,"column":21},"end":{"line":152,"column":29}},"47":{"start":{"line":154,"column":22},"end":{"line":156,"column":36}},"48":{"start":{"line":158,"column":8},"end":{"line":161,"column":10}},"49":{"start":{"line":163,"column":8},"end":{"line":173,"column":11}},"50":{"start":{"line":165,"column":40},"end":{"line":172,"column":13}},"51":{"start":{"line":176,"column":8},"end":{"line":176,"column":50}},"52":{"start":{"line":177,"column":8},"end":{"line":177,"column":20}},"53":{"start":{"line":181,"column":0},"end":{"line":226,"column":3}},"54":{"start":{"line":182,"column":4},"end":{"line":225,"column":5}},"55":{"start":{"line":183,"column":21},"end":{"line":183,"column":29}},"56":{"start":{"line":185,"column":8},"end":{"line":190,"column":9}},"57":{"start":{"line":186,"column":12},"end":{"line":189,"column":15}},"58":{"start":{"line":192,"column":21},"end":{"line":195,"column":10}},"59":{"start":{"line":197,"column":8},"end":{"line":202,"column":9}},"60":{"start":{"line":198,"column":12},"end":{"line":201,"column":15}},"61":{"start":{"line":204,"column":8},"end":{"line":207,"column":10}},"62":{"start":{"line":209,"column":8},"end":{"line":220,"column":11}},"63":{"start":{"line":223,"column":8},"end":{"line":223,"column":73}},"64":{"start":{"line":224,"column":8},"end":{"line":224,"column":20}},"65":{"start":{"line":228,"column":0},"end":{"line":270,"column":3}},"66":{"start":{"line":229,"column":4},"end":{"line":269,"column":5}},"67":{"start":{"line":230,"column":21},"end":{"line":230,"column":29}},"68":{"start":{"line":232,"column":8},"end":{"line":237,"column":9}},"69":{"start":{"line":233,"column":12},"end":{"line":236,"column":15}},"70":{"start":{"line":239,"column":21},"end":{"line":242,"column":10}},"71":{"start":{"line":244,"column":8},"end":{"line":249,"column":9}},"72":{"start":{"line":245,"column":12},"end":{"line":248,"column":15}},"73":{"start":{"line":251,"column":8},"end":{"line":251,"column":31}},"74":{"start":{"line":252,"column":8},"end":{"line":254,"column":11}},"75":{"start":{"line":256,"column":8},"end":{"line":259,"column":10}},"76":{"start":{"line":261,"column":8},"end":{"line":264,"column":11}},"77":{"start":{"line":267,"column":8},"end":{"line":267,"column":73}},"78":{"start":{"line":268,"column":8},"end":{"line":268,"column":20}},"79":{"start":{"line":272,"column":0},"end":{"line":272,"column":24}}},"fnMap":{"0":{"name":"(anonymous_0)","decl":{"start":{"line":10,"column":27},"end":{"line":10,"column":28}},"loc":{"start":{"line":10,"column":53},"end":{"line":148,"column":1}},"line":10},"1":{"name":"(anonymous_1)","decl":{"start":{"line":150,"column":27},"end":{"line":150,"column":28}},"loc":{"start":{"line":150,"column":53},"end":{"line":179,"column":1}},"line":150},"2":{"name":"(anonymous_2)","decl":{"start":{"line":165,"column":29},"end":{"line":165,"column":30}},"loc":{"start":{"line":165,"column":40},"end":{"line":172,"column":13}},"line":165},"3":{"name":"(anonymous_3)","decl":{"start":{"line":181,"column":25},"end":{"line":181,"column":26}},"loc":{"start":{"line":181,"column":51},"end":{"line":226,"column":1}},"line":181},"4":{"name":"(anonymous_4)","decl":{"start":{"line":228,"column":28},"end":{"line":228,"column":29}},"loc":{"start":{"line":228,"column":54},"end":{"line":270,"column":1}},"line":228}},"branchMap":{"0":{"loc":{"start":{"line":15,"column":8},"end":{"line":20,"column":9}},"type":"if","locations":[{"start":{"line":15,"column":8},"end":{"line":20,"column":9}},{"start":{},"end":{}}],"line":15},"1":{"loc":{"start":{"line":15,"column":12},"end":{"line":15,"column":39}},"type":"binary-expr","locations":[{"start":{"line":15,"column":12},"end":{"line":15,"column":17}},{"start":{"line":15,"column":21},"end":{"line":15,"column":39}}],"line":15},"2":{"loc":{"start":{"line":29,"column":8},"end":{"line":115,"column":9}},"type":"if","locations":[{"start":{"line":29,"column":8},"end":{"line":115,"column":9}},{"start":{},"end":{}}],"line":29},"3":{"loc":{"start":{"line":31,"column":12},"end":{"line":38,"column":13}},"type":"if","locations":[{"start":{"line":31,"column":12},"end":{"line":38,"column":13}},{"start":{},"end":{}}],"line":31},"4":{"loc":{"start":{"line":40,"column":12},"end":{"line":62,"column":13}},"type":"if","locations":[{"start":{"line":40,"column":12},"end":{"line":62,"column":13}},{"start":{},"end":{}}],"line":40},"5":{"loc":{"start":{"line":64,"column":12},"end":{"line":109,"column":13}},"type":"if","locations":[{"start":{"line":64,"column":12},"end":{"line":109,"column":13}},{"start":{},"end":{}}],"line":64},"6":{"loc":{"start":{"line":65,"column":16},"end":{"line":70,"column":17}},"type":"if","locations":[{"start":{"line":65,"column":16},"end":{"line":70,"column":17}},{"start":{},"end":{}}],"line":65},"7":{"loc":{"start":{"line":79,"column":16},"end":{"line":85,"column":17}},"type":"if","locations":[{"start":{"line":79,"column":16},"end":{"line":85,"column":17}},{"start":{},"end":{}}],"line":79},"8":{"loc":{"start":{"line":169,"column":40},"end":{"line":169,"column":58}},"type":"binary-expr","locations":[{"start":{"line":169,"column":40},"end":{"line":169,"column":52}},{"start":{"line":169,"column":56},"end":{"line":169,"column":58}}],"line":169},"9":{"loc":{"start":{"line":185,"column":8},"end":{"line":190,"column":9}},"type":"if","locations":[{"start":{"line":185,"column":8},"end":{"line":190,"column":9}},{"start":{},"end":{}}],"line":185},"10":{"loc":{"start":{"line":197,"column":8},"end":{"line":202,"column":9}},"type":"if","locations":[{"start":{"line":197,"column":8},"end":{"line":202,"column":9}},{"start":{},"end":{}}],"line":197},"11":{"loc":{"start":{"line":215,"column":40},"end":{"line":215,"column":58}},"type":"binary-expr","locations":[{"start":{"line":215,"column":40},"end":{"line":215,"column":52}},{"start":{"line":215,"column":56},"end":{"line":215,"column":58}}],"line":215},"12":{"loc":{"start":{"line":232,"column":8},"end":{"line":237,"column":9}},"type":"if","locations":[{"start":{"line":232,"column":8},"end":{"line":237,"column":9}},{"start":{},"end":{}}],"line":232},"13":{"loc":{"start":{"line":244,"column":8},"end":{"line":249,"column":9}},"type":"if","locations":[{"start":{"line":244,"column":8},"end":{"line":249,"column":9}},{"start":{},"end":{}}],"line":244}},"s":{"0":0,"1":0,"2":0,"3":0,"4":0,"5":0,"6":0,"7":0,"8":0,"9":0,"10":0,"11":0,"12":0,"13":0,"14":0,"15":0,"16":0,"17":0,"18":0,"19":0,"20":0,"21":0,"22":0,"23":0,"24":0,"25":0,"26":0,"27":0,"28":0,"29":0,"30":0,"31":0,"32":0,"33":0,"34":0,"35":0,"36":0,"37":0,"38":0,"39":0,"40":0,"41":0,"42":0,"43":0,"44":0,"45":0,"46":0,"47":0,"48":0,"49":0,"50":0,"51":0,"52":0,"53":0,"54":0,"55":0,"56":0,"57":0,"58":0,"59":0,"60":0,"61":0,"62":0,"63":0,"64":0,"65":0,"66":0,"67":0,"68":0,"69":0,"70":0,"71":0,"72":0,"73":0,"74":0,"75":0,"76":0,"77":0,"78":0,"79":0},"f":{"0":0,"1":0,"2":0,"3":0,"4":0},"b":{"0":[0,0],"1":[0,0],"2":[0,0],"3":[0,0],"4":[0,0],"5":[0,0],"6":[0,0],"7":[0,0],"8":[0,0],"9":[0,0],"10":[0,0],"11":[0,0],"12":[0,0],"13":[0,0]},"all":true},"D:\\10Pearls\\10PearlsRepo\\cohort-9-mern-7723-hassan\\backend\\pinoPattern\\logger.js":{"path":"D:\\10Pearls\\10PearlsRepo\\cohort-9-mern-7723-hassan\\backend\\pinoPattern\\logger.js","statementMap":{"0":{"start":{"line":1,"column":13},"end":{"line":1,"column":28}},"1":{"start":{"line":3,"column":15},"end":{"line":18,"column":2}},"2":{"start":{"line":20,"column":0},"end":{"line":20,"column":24}}},"fnMap":{},"branchMap":{"0":{"loc":{"start":{"line":4,"column":9},"end":{"line":4,"column":40}},"type":"binary-expr","locations":[{"start":{"line":4,"column":9},"end":{"line":4,"column":30}},{"start":{"line":4,"column":34},"end":{"line":4,"column":40}}],"line":4},"1":{"loc":{"start":{"line":15,"column":13},"end":{"line":17,"column":15}},"type":"cond-expr","locations":[{"start":{"line":16,"column":6},"end":{"line":16,"column":31}},{"start":{"line":17,"column":6},"end":{"line":17,"column":15}}],"line":15}},"s":{"0":0,"1":0,"2":0},"f":{},"b":{"0":[0,0],"1":[0,0]},"all":true},"D:\\10Pearls\\10PearlsRepo\\cohort-9-mern-7723-hassan\\backend\\models\\user.js":{"path":"D:\\10Pearls\\10PearlsRepo\\cohort-9-mern-7723-hassan\\backend\\models\\user.js","statementMap":{"0":{"start":{"line":1,"column":16},"end":{"line":1,"column":36}},"1":{"start":{"line":3,"column":19},"end":{"line":26,"column":1}},"2":{"start":{"line":28,"column":13},"end":{"line":28,"column":71}},"3":{"start":{"line":30,"column":0},"end":{"line":30,"column":22}}},"fnMap":{},"branchMap":{"0":{"loc":{"start":{"line":28,"column":13},"end":{"line":28,"column":71}},"type":"binary-expr","locations":[{"start":{"line":28,"column":13},"end":{"line":28,"column":33}},{"start":{"line":28,"column":37},"end":{"line":28,"column":71}}],"line":28}},"s":{"0":0,"1":0,"2":0,"3":0},"f":{},"b":{"0":[0,0]},"all":true},"D:\\10Pearls\\10PearlsRepo\\cohort-9-mern-7723-hassan\\backend\\models\\note.js":{"path":"D:\\10Pearls\\10PearlsRepo\\cohort-9-mern-7723-hassan\\backend\\models\\note.js","statementMap":{"0":{"start":{"line":1,"column":17},"end":{"line":1,"column":36}},"1":{"start":{"line":3,"column":19},"end":{"line":26,"column":1}},"2":{"start":{"line":28,"column":13},"end":{"line":28,"column":71}},"3":{"start":{"line":30,"column":0},"end":{"line":30,"column":22}}},"fnMap":{},"branchMap":{"0":{"loc":{"start":{"line":28,"column":13},"end":{"line":28,"column":71}},"type":"binary-expr","locations":[{"start":{"line":28,"column":13},"end":{"line":28,"column":33}},{"start":{"line":28,"column":37},"end":{"line":28,"column":71}}],"line":28}},"s":{"0":0,"1":0,"2":0,"3":0},"f":{},"b":{"0":[0,0]},"all":true},"D:\\10Pearls\\10PearlsRepo\\cohort-9-mern-7723-hassan\\backend\\middleware\\auth.js":{"path":"D:\\10Pearls\\10PearlsRepo\\cohort-9-mern-7723-hassan\\backend\\middleware\\auth.js","statementMap":{"0":{"start":{"line":1,"column":12},"end":{"line":1,"column":35}},"1":{"start":{"line":2,"column":13},"end":{"line":2,"column":38}},"2":{"start":{"line":4,"column":0},"end":{"line":30,"column":2}},"3":{"start":{"line":5,"column":4},"end":{"line":29,"column":1}},"4":{"start":{"line":6,"column":27},"end":{"line":6,"column":52}},"5":{"start":{"line":7,"column":8},"end":{"line":9,"column":9}},"6":{"start":{"line":8,"column":12},"end":{"line":8,"column":85}},"7":{"start":{"line":11,"column":22},"end":{"line":11,"column":46}},"8":{"start":{"line":12,"column":24},"end":{"line":12,"column":92}},"9":{"start":{"line":13,"column":21},"end":{"line":13,"column":72}},"10":{"start":{"line":15,"column":8},"end":{"line":17,"column":9}},"11":{"start":{"line":16,"column":12},"end":{"line":16,"column":87}},"12":{"start":{"line":19,"column":8},"end":{"line":19,"column":24}},"13":{"start":{"line":20,"column":8},"end":{"line":20,"column":15}},"14":{"start":{"line":22,"column":4},"end":{"line":24,"column":5}},"15":{"start":{"line":23,"column":8},"end":{"line":23,"column":86}},"16":{"start":{"line":25,"column":4},"end":{"line":27,"column":5}},"17":{"start":{"line":26,"column":8},"end":{"line":26,"column":82}},"18":{"start":{"line":28,"column":4},"end":{"line":28,"column":16}}},"fnMap":{"0":{"name":"auth","decl":{"start":{"line":4,"column":32},"end":{"line":4,"column":36}},"loc":{"start":{"line":4,"column":53},"end":{"line":30,"column":1}},"line":4}},"branchMap":{"0":{"loc":{"start":{"line":7,"column":8},"end":{"line":9,"column":9}},"type":"if","locations":[{"start":{"line":7,"column":8},"end":{"line":9,"column":9}},{"start":{},"end":{}}],"line":7},"1":{"loc":{"start":{"line":7,"column":12},"end":{"line":7,"column":60}},"type":"binary-expr","locations":[{"start":{"line":7,"column":12},"end":{"line":7,"column":23}},{"start":{"line":7,"column":27},"end":{"line":7,"column":60}}],"line":7},"2":{"loc":{"start":{"line":15,"column":8},"end":{"line":17,"column":9}},"type":"if","locations":[{"start":{"line":15,"column":8},"end":{"line":17,"column":9}},{"start":{},"end":{}}],"line":15},"3":{"loc":{"start":{"line":22,"column":4},"end":{"line":24,"column":5}},"type":"if","locations":[{"start":{"line":22,"column":4},"end":{"line":24,"column":5}},{"start":{},"end":{}}],"line":22},"4":{"loc":{"start":{"line":25,"column":4},"end":{"line":27,"column":5}},"type":"if","locations":[{"start":{"line":25,"column":4},"end":{"line":27,"column":5}},{"start":{},"end":{}}],"line":25}},"s":{"0":0,"1":0,"2":0,"3":0,"4":0,"5":0,"6":0,"7":0,"8":0,"9":0,"10":0,"11":0,"12":0,"13":0,"14":0,"15":0,"16":0,"17":0,"18":0},"f":{"0":0},"b":{"0":[0,0],"1":[0,0],"2":[0,0],"3":[0,0],"4":[0,0]},"all":true},"D:\\10Pearls\\10PearlsRepo\\cohort-9-mern-7723-hassan\\backend\\config\\db.js":{"path":"D:\\10Pearls\\10PearlsRepo\\cohort-9-mern-7723-hassan\\backend\\config\\db.js","statementMap":{"0":{"start":{"line":1,"column":17},"end":{"line":1,"column":36}},"1":{"start":{"line":3,"column":15},"end":{"line":3,"column":47}},"2":{"start":{"line":4,"column":18},"end":{"line":18,"column":1}},"3":{"start":{"line":5,"column":21},"end":{"line":5,"column":44}},"4":{"start":{"line":7,"column":4},"end":{"line":9,"column":5}},"5":{"start":{"line":8,"column":8},"end":{"line":8,"column":102}},"6":{"start":{"line":11,"column":4},"end":{"line":16,"column":5}},"7":{"start":{"line":12,"column":8},"end":{"line":12,"column":41}},"8":{"start":{"line":14,"column":8},"end":{"line":14,"column":66}},"9":{"start":{"line":15,"column":8},"end":{"line":15,"column":20}},"10":{"start":{"line":20,"column":0},"end":{"line":20,"column":27}}},"fnMap":{"0":{"name":"(anonymous_0)","decl":{"start":{"line":4,"column":18},"end":{"line":4,"column":19}},"loc":{"start":{"line":4,"column":30},"end":{"line":18,"column":1}},"line":4}},"branchMap":{"0":{"loc":{"start":{"line":7,"column":4},"end":{"line":9,"column":5}},"type":"if","locations":[{"start":{"line":7,"column":4},"end":{"line":9,"column":5}},{"start":{},"end":{}}],"line":7}},"s":{"0":0,"1":0,"2":0,"3":0,"4":0,"5":0,"6":0,"7":0,"8":0,"9":0,"10":0},"f":{"0":0},"b":{"0":[0,0]},"all":true}}